Linux 6.10.8nazgul+ (bb1) 	07/01/2025 	_x86_64_	(32 CPU)

03:13:33 AM   UID       PID    %usr %system  %guest   %wait    %CPU   CPU  Command
03:13:34 AM     0      2735    0.00   99.00    0.00    0.00   99.00     2  io_uring_echo_s
03:13:35 AM     0      2735    0.00  100.00    0.00    0.00  100.00     2  io_uring_echo_s
03:13:36 AM     0      2735    0.00  100.00    0.00    0.00  100.00     2  io_uring_echo_s
03:13:37 AM     0      2735    0.00   89.00    0.00    0.00   89.00     0  io_uring_echo_s
03:13:38 AM     0      2735    0.00   97.00    0.00    0.00   97.00     0  io_uring_echo_s
03:13:39 AM     0      2735    0.00  100.00    0.00    0.00  100.00     0  io_uring_echo_s
03:13:40 AM     0      2735    0.00  100.00    0.00    0.00  100.00     0  io_uring_echo_s
03:13:41 AM     0      2735    0.00  100.00    0.00    0.00  100.00     0  io_uring_echo_s
03:13:42 AM     0      2735    0.00  100.00    0.00    0.00  100.00     0  io_uring_echo_s
03:13:43 AM     0      2735    0.00  100.00    0.00    0.00  100.00     0  io_uring_echo_s
03:13:44 AM     0      2735    0.00  100.00    0.00    0.00  100.00     0  io_uring_echo_s
03:13:45 AM     0      2735    0.00  100.00    0.00    0.00  100.00     0  io_uring_echo_s
03:13:46 AM     0      2735    0.00  100.00    0.00    0.00  100.00     0  io_uring_echo_s
03:13:47 AM     0      2735    0.00  100.00    0.00    0.00  100.00     0  io_uring_echo_s
03:13:48 AM     0      2735    0.00  100.00    0.00    0.00  100.00     0  io_uring_echo_s
03:13:49 AM     0      2735    0.00  100.00    0.00    0.00  100.00     0  io_uring_echo_s
03:13:50 AM     0      2735    0.00  100.00    0.00    0.00  100.00     0  io_uring_echo_s
03:13:51 AM     0      2735    0.00  100.00    0.00    0.00  100.00     0  io_uring_echo_s
03:13:52 AM     0      2735    3.00  110.00    0.00    0.00  113.00     0  io_uring_echo_s
03:13:53 AM     0      2735    7.00  117.00    0.00    0.00  124.00     2  io_uring_echo_s
03:13:54 AM     0      2735    4.00  101.00    0.00    0.00  105.00     2  io_uring_echo_s
03:13:55 AM     0      2735    5.00  106.00    0.00    0.00  111.00     2  io_uring_echo_s
03:13:56 AM     0      2735    5.00  101.00    0.00    0.00  106.00     2  io_uring_echo_s
03:13:57 AM     0      2735    5.00  101.00    0.00    0.00  106.00     2  io_uring_echo_s
03:13:58 AM     0      2735    2.00  100.00    0.00    0.00  102.00     2  io_uring_echo_s
03:13:59 AM     0      2735    3.00  101.00    0.00    0.00  104.00     2  io_uring_echo_s
03:14:00 AM     0      2735    3.00  100.00    0.00    0.00  103.00     2  io_uring_echo_s
03:14:01 AM     0      2735    4.00   99.00    0.00    0.00  103.00     2  io_uring_echo_s
03:14:02 AM     0      2735    3.00  101.00    0.00    0.00  104.00     2  io_uring_echo_s
03:14:03 AM     0      2735    4.00   99.00    0.00    0.00  103.00     2  io_uring_echo_s
03:14:04 AM     0      2735    3.00  101.00    0.00    0.00  104.00     2  io_uring_echo_s
03:14:05 AM     0      2735    5.00   99.00    0.00    0.00  104.00     2  io_uring_echo_s
03:14:06 AM     0      2735    3.00  101.00    0.00    1.00  104.00     2  io_uring_echo_s
03:14:07 AM     0      2735    4.00  100.00    0.00    0.00  104.00     2  io_uring_echo_s
03:14:08 AM     0      2735    6.00   99.00    0.00    0.00  105.00     2  io_uring_echo_s
03:14:09 AM     0      2735    2.00  101.00    0.00    0.00  103.00     2  io_uring_echo_s
03:14:10 AM     0      2735    5.00  100.00    0.00    0.00  105.00     2  io_uring_echo_s
03:14:11 AM     0      2735    3.00  101.00    0.00    0.00  104.00     2  io_uring_echo_s
03:14:12 AM     0      2735    5.00   99.00    0.00    0.00  104.00     2  io_uring_echo_s
03:14:13 AM     0      2735    4.00  100.00    0.00    0.00  104.00     2  io_uring_echo_s
03:14:14 AM     0      2735    6.00   99.00    0.00    0.00  105.00     2  io_uring_echo_s
03:14:15 AM     0      2735    3.00  100.00    0.00    0.00  103.00     2  io_uring_echo_s
03:14:16 AM     0      2735    5.00  100.00    0.00    0.00  105.00     2  io_uring_echo_s
03:14:17 AM     0      2735    4.00  100.00    0.00    0.00  104.00     2  io_uring_echo_s
03:14:18 AM     0      2735    3.00  100.00    0.00    0.00  103.00     2  io_uring_echo_s
03:14:19 AM     0      2735    4.00  100.00    0.00    0.00  104.00     2  io_uring_echo_s
03:14:20 AM     0      2735    3.00  101.00    0.00    0.00  104.00     2  io_uring_echo_s
03:14:21 AM     0      2735    5.00  100.00    0.00    0.00  105.00     2  io_uring_echo_s
03:14:22 AM     0      2735    4.00  100.00    0.00    0.00  104.00     2  io_uring_echo_s
03:14:23 AM     0      2735    5.00  100.00    0.00    0.00  105.00     2  io_uring_echo_s
03:14:24 AM     0      2735    3.00  100.00    0.00    0.00  103.00     2  io_uring_echo_s
03:14:25 AM     0      2735    4.00  100.00    0.00    1.00  104.00     2  io_uring_echo_s
03:14:26 AM     0      2735    5.00  100.00    0.00    0.00  105.00     2  io_uring_echo_s
03:14:27 AM     0      2735    4.00   99.00    0.00    0.00  103.00     2  io_uring_echo_s
03:14:28 AM     0      2735    4.00  100.00    0.00    0.00  104.00     2  io_uring_echo_s
03:14:29 AM     0      2735    5.00  100.00    0.00    0.00  105.00     2  io_uring_echo_s
03:14:30 AM     0      2735    4.00  100.00    0.00    0.00  104.00     2  io_uring_echo_s
03:14:31 AM     0      2735    4.00  100.00    0.00    0.00  104.00     2  io_uring_echo_s
03:14:32 AM     0      2735    4.00  100.00    0.00    0.00  104.00     2  io_uring_echo_s
03:14:33 AM     0      2735    4.00  100.00    0.00    0.00  104.00     2  io_uring_echo_s
03:14:34 AM     0      2735    4.00  100.00    0.00    0.00  104.00     2  io_uring_echo_s
03:14:35 AM     0      2735    5.00  100.00    0.00    0.00  105.00     2  io_uring_echo_s
03:14:36 AM     0      2735    4.00  100.00    0.00    0.00  104.00     2  io_uring_echo_s
03:14:37 AM     0      2735    4.00  100.00    0.00    0.00  104.00     2  io_uring_echo_s
03:14:38 AM     0      2735    4.00  100.00    0.00    0.00  104.00     2  io_uring_echo_s
03:14:39 AM     0      2735    4.00  100.00    0.00    0.00  104.00     2  io_uring_echo_s
03:14:40 AM     0      2735    4.00  100.00    0.00    0.00  104.00     2  io_uring_echo_s
03:14:41 AM     0      2735    4.00  101.00    0.00    0.00  105.00     2  io_uring_echo_s
03:14:42 AM     0      2735    3.00  100.00    0.00    0.00  103.00     2  io_uring_echo_s
03:14:43 AM     0      2735    3.00  101.00    0.00    1.00  104.00     2  io_uring_echo_s
03:14:44 AM     0      2735    4.00  100.00    0.00    0.00  104.00     2  io_uring_echo_s
03:14:45 AM     0      2735    4.00  100.00    0.00    0.00  104.00     2  io_uring_echo_s
03:14:46 AM     0      2735    4.00  100.00    0.00    0.00  104.00     2  io_uring_echo_s
03:14:47 AM     0      2735    5.00  100.00    0.00    0.00  105.00     2  io_uring_echo_s
03:14:48 AM     0      2735    4.00  100.00    0.00    0.00  104.00     2  io_uring_echo_s
03:14:49 AM     0      2735    5.00   99.00    0.00    0.00  104.00     2  io_uring_echo_s
03:14:50 AM     0      2735    3.00  101.00    0.00    0.00  104.00     2  io_uring_echo_s
03:14:51 AM     0      2735    4.00  100.00    0.00    0.00  104.00     2  io_uring_echo_s
03:14:52 AM     0      2735    5.00   99.00    0.00    0.00  104.00     2  io_uring_echo_s
03:14:53 AM     0      2735    3.00  101.00    0.00    0.00  104.00     2  io_uring_echo_s
03:14:54 AM     0      2735    3.00  101.00    0.00    0.00  104.00     2  io_uring_echo_s
03:14:55 AM     0      2735    3.00  101.00    0.00    0.00  104.00     2  io_uring_echo_s
03:14:56 AM     0      2735    4.00  101.00    0.00    0.00  105.00     2  io_uring_echo_s
03:14:57 AM     0      2735    4.00  100.00    0.00    0.00  104.00     2  io_uring_echo_s
03:14:58 AM     0      2735    5.00   99.00    0.00    0.00  104.00     2  io_uring_echo_s
03:14:59 AM     0      2735    4.00  100.00    0.00    0.00  104.00     2  io_uring_echo_s
03:15:00 AM     0      2735    4.00  100.00    0.00    0.00  104.00     2  io_uring_echo_s
03:15:01 AM     0      2735    5.00   99.00    0.00    0.00  104.00     2  io_uring_echo_s
03:15:02 AM     0      2735    3.96   99.01    0.00    0.99  102.97     2  io_uring_echo_s
03:15:03 AM     0      2735    4.00  100.00    0.00    0.00  104.00     2  io_uring_echo_s
03:15:04 AM     0      2735    4.00  100.00    0.00    0.00  104.00     2  io_uring_echo_s
03:15:05 AM     0      2735    4.00  100.00    0.00    0.00  104.00     2  io_uring_echo_s
03:15:06 AM     0      2735    3.00  101.00    0.00    0.00  104.00     2  io_uring_echo_s
03:15:07 AM     0      2735    5.00   99.00    0.00    0.00  104.00     2  io_uring_echo_s
03:15:08 AM     0      2735    4.00  100.00    0.00    0.00  104.00     2  io_uring_echo_s
03:15:09 AM     0      2735    4.00  100.00    0.00    0.00  104.00     2  io_uring_echo_s
03:15:10 AM     0      2735    4.00  101.00    0.00    0.00  105.00     2  io_uring_echo_s
03:15:11 AM     0      2735    5.00   99.00    0.00    0.00  104.00     2  io_uring_echo_s
03:15:12 AM     0      2735    3.00  101.00    0.00    0.00  104.00     2  io_uring_echo_s
03:15:13 AM     0      2735    3.00  101.00    0.00    0.00  104.00     2  io_uring_echo_s
03:15:14 AM     0      2735    4.00  100.00    0.00    0.00  104.00     2  io_uring_echo_s
03:15:15 AM     0      2735    5.00  100.00    0.00    0.00  105.00     2  io_uring_echo_s
03:15:16 AM     0      2735    4.00   99.00    0.00    0.00  103.00     2  io_uring_echo_s
03:15:17 AM     0      2735    4.00  100.00    0.00    0.00  104.00     2  io_uring_echo_s
03:15:18 AM     0      2735    4.00  100.00    0.00    0.00  104.00     2  io_uring_echo_s
03:15:19 AM     0      2735    4.00  101.00    0.00    0.00  105.00     2  io_uring_echo_s
03:15:20 AM     0      2735    4.00  100.00    0.00    0.00  104.00     2  io_uring_echo_s
03:15:21 AM     0      2735    4.00  100.00    0.00    1.00  104.00     2  io_uring_echo_s
03:15:22 AM     0      2735    4.00   99.00    0.00    0.00  103.00     2  io_uring_echo_s
03:15:23 AM     0      2735    4.00  101.00    0.00    0.00  105.00     2  io_uring_echo_s
03:15:24 AM     0      2735    4.00  100.00    0.00    0.00  104.00     2  io_uring_echo_s
03:15:25 AM     0      2735    4.00  100.00    0.00    0.00  104.00     2  io_uring_echo_s
03:15:26 AM     0      2735    4.00  101.00    0.00    0.00  105.00     2  io_uring_echo_s
03:15:27 AM     0      2735    4.00   99.00    0.00    0.00  103.00     2  io_uring_echo_s
03:15:28 AM     0      2735    4.00  101.00    0.00    0.00  105.00     2  io_uring_echo_s
03:15:29 AM     0      2735    4.00  100.00    0.00    0.00  104.00     2  io_uring_echo_s
03:15:30 AM     0      2735    4.00  100.00    0.00    0.00  104.00     2  io_uring_echo_s
03:15:31 AM     0      2735    4.00  100.00    0.00    0.00  104.00     2  io_uring_echo_s
03:15:32 AM     0      2735    4.00  100.00    0.00    0.00  104.00     2  io_uring_echo_s
03:15:33 AM     0      2735    4.00  100.00    0.00    0.00  104.00     2  io_uring_echo_s
03:15:34 AM     0      2735    4.00  100.00    0.00    0.00  104.00     2  io_uring_echo_s
03:15:35 AM     0      2735    4.00  100.00    0.00    0.00  104.00     2  io_uring_echo_s
03:15:36 AM     0      2735    4.00  100.00    0.00    0.00  104.00     2  io_uring_echo_s
03:15:37 AM     0      2735    4.00  101.00    0.00    0.00  105.00     2  io_uring_echo_s
03:15:38 AM     0      2735    4.00   99.00    0.00    0.00  103.00     2  io_uring_echo_s
03:15:39 AM     0      2735    5.00   99.00    0.00    1.00  104.00     2  io_uring_echo_s
03:15:40 AM     0      2735    4.00  100.00    0.00    0.00  104.00     2  io_uring_echo_s
03:15:41 AM     0      2735    4.00  100.00    0.00    0.00  104.00     2  io_uring_echo_s
03:15:42 AM     0      2735    4.00  100.00    0.00    0.00  104.00     2  io_uring_echo_s
03:15:43 AM     0      2735    4.00  100.00    0.00    0.00  104.00     2  io_uring_echo_s
03:15:44 AM     0      2735    4.00  101.00    0.00    0.00  105.00     2  io_uring_echo_s
03:15:45 AM     0      2735    4.00  100.00    0.00    0.00  104.00     2  io_uring_echo_s
03:15:46 AM     0      2735    3.00  100.00    0.00    0.00  103.00     2  io_uring_echo_s
03:15:47 AM     0      2735    4.00  101.00    0.00    0.00  105.00     2  io_uring_echo_s
03:15:48 AM     0      2735    5.00   99.00    0.00    0.00  104.00     2  io_uring_echo_s
03:15:49 AM     0      2735    3.00  101.00    0.00    0.00  104.00     2  io_uring_echo_s
03:15:50 AM     0      2735    4.00  100.00    0.00    0.00  104.00     2  io_uring_echo_s
03:15:51 AM     0      2735    4.00  100.00    0.00    0.00  104.00     2  io_uring_echo_s
03:15:52 AM     0      2735    5.00  100.00    0.00    0.00  105.00     2  io_uring_echo_s
03:15:53 AM     0      2735    3.00  100.00    0.00    0.00  103.00     2  io_uring_echo_s
03:15:54 AM     0      2735    4.00  101.00    0.00    0.00  105.00     2  io_uring_echo_s
03:15:55 AM     0      2735    4.00   99.00    0.00    0.00  103.00     2  io_uring_echo_s
03:15:56 AM     0      2735    4.00  101.00    0.00    0.00  105.00     2  io_uring_echo_s
03:15:57 AM     0      2735    4.00  100.00    0.00    0.00  104.00     2  io_uring_echo_s
03:15:58 AM     0      2735    4.00   99.00    0.00    1.00  103.00     2  io_uring_echo_s
03:15:59 AM     0      2735    5.00  100.00    0.00    0.00  105.00     2  io_uring_echo_s
03:16:00 AM     0      2735    4.00  100.00    0.00    0.00  104.00     2  io_uring_echo_s
03:16:01 AM     0      2735    5.00  100.00    0.00    0.00  105.00     2  io_uring_echo_s
03:16:02 AM     0      2735    4.00   99.00    0.00    0.00  103.00     2  io_uring_echo_s
03:16:03 AM     0      2735    4.00  101.00    0.00    0.00  105.00     2  io_uring_echo_s
03:16:04 AM     0      2735    3.00  101.00    0.00    0.00  104.00     2  io_uring_echo_s
03:16:05 AM     0      2735    4.00   99.00    0.00    0.00  103.00     2  io_uring_echo_s
03:16:06 AM     0      2735    4.00  100.00    0.00    0.00  104.00     2  io_uring_echo_s
03:16:07 AM     0      2735    5.00  100.00    0.00    0.00  105.00     2  io_uring_echo_s
03:16:08 AM     0      2735    3.00  101.00    0.00    0.00  104.00     2  io_uring_echo_s
03:16:09 AM     0      2735    5.00   99.00    0.00    0.00  104.00     2  io_uring_echo_s
03:16:10 AM     0      2735    4.00  100.00    0.00    0.00  104.00     2  io_uring_echo_s
03:16:11 AM     0      2735    4.00   99.00    0.00    0.00  103.00     2  io_uring_echo_s
03:16:12 AM     0      2735    4.00  101.00    0.00    0.00  105.00     2  io_uring_echo_s
03:16:13 AM     0      2735    5.00   99.00    0.00    0.00  104.00     2  io_uring_echo_s
03:16:14 AM     0      2735    4.00  100.00    0.00    0.00  104.00     2  io_uring_echo_s
03:16:15 AM     0      2735    4.00  100.00    0.00    0.00  104.00     2  io_uring_echo_s
03:16:16 AM     0      2735    5.00   99.00    0.00    0.00  104.00     2  io_uring_echo_s
03:16:17 AM     0      2735    5.00   99.00    0.00    1.00  104.00     2  io_uring_echo_s
03:16:18 AM     0      2735    4.00  100.00    0.00    0.00  104.00     2  io_uring_echo_s
03:16:19 AM     0      2735    4.00  100.00    0.00    0.00  104.00     2  io_uring_echo_s
03:16:20 AM     0      2735    4.00  100.00    0.00    0.00  104.00     2  io_uring_echo_s
03:16:21 AM     0      2735    4.00  101.00    0.00    0.00  105.00     2  io_uring_echo_s
03:16:22 AM     0      2735    4.00   99.00    0.00    0.00  103.00     2  io_uring_echo_s
03:16:23 AM     0      2735    4.00  101.00    0.00    0.00  105.00     2  io_uring_echo_s
03:16:24 AM     0      2735    4.00   99.00    0.00    0.00  103.00     2  io_uring_echo_s
03:16:25 AM     0      2735    4.00  100.00    0.00    0.00  104.00     2  io_uring_echo_s
03:16:26 AM     0      2735    5.00   99.00    0.00    0.00  104.00     2  io_uring_echo_s
03:16:27 AM     0      2735    3.00  101.00    0.00    0.00  104.00     2  io_uring_echo_s
03:16:28 AM     0      2735    3.00  102.00    0.00    0.00  105.00     2  io_uring_echo_s
03:16:29 AM     0      2735    4.00  100.00    0.00    0.00  104.00     2  io_uring_echo_s
03:16:30 AM     0      2735    3.00  100.00    0.00    0.00  103.00     2  io_uring_echo_s
03:16:31 AM     0      2735    5.00   99.00    0.00    0.00  104.00     2  io_uring_echo_s
03:16:32 AM     0      2735    4.00  100.00    0.00    0.00  104.00     2  io_uring_echo_s
03:16:33 AM     0      2735    5.00  100.00    0.00    0.00  105.00     2  io_uring_echo_s
03:16:34 AM     0      2735    4.00  100.00    0.00    0.00  104.00     2  io_uring_echo_s
03:16:35 AM     0      2735    4.00   99.00    0.00    0.00  103.00     2  io_uring_echo_s
03:16:36 AM     0      2735    5.00  100.00    0.00    1.00  105.00     2  io_uring_echo_s
03:16:37 AM     0      2735    4.00  100.00    0.00    0.00  104.00     2  io_uring_echo_s
03:16:38 AM     0      2735    4.00  100.00    0.00    0.00  104.00     2  io_uring_echo_s
03:16:39 AM     0      2735    5.00   99.00    0.00    0.00  104.00     2  io_uring_echo_s
03:16:40 AM     0      2735    3.00  101.00    0.00    0.00  104.00     2  io_uring_echo_s
03:16:41 AM     0      2735    5.00   99.00    0.00    0.00  104.00     2  io_uring_echo_s
03:16:42 AM     0      2735    4.00  100.00    0.00    0.00  104.00     2  io_uring_echo_s
03:16:43 AM     0      2735    5.00   99.00    0.00    0.00  104.00     2  io_uring_echo_s
03:16:44 AM     0      2735    3.00  101.00    0.00    0.00  104.00     2  io_uring_echo_s
03:16:45 AM     0      2735    4.00  100.00    0.00    0.00  104.00     2  io_uring_echo_s
03:16:46 AM     0      2735    4.00  101.00    0.00    0.00  105.00     2  io_uring_echo_s
03:16:47 AM     0      2735    4.00   99.00    0.00    0.00  103.00     2  io_uring_echo_s
03:16:48 AM     0      2735    4.00  100.00    0.00    0.00  104.00     2  io_uring_echo_s
03:16:49 AM     0      2735    4.00  101.00    0.00    0.00  105.00     2  io_uring_echo_s
03:16:50 AM     0      2735    4.00  100.00    0.00    0.00  104.00     2  io_uring_echo_s
03:16:51 AM     0      2735    4.00  100.00    0.00    0.00  104.00     2  io_uring_echo_s
03:16:52 AM     0      2735    2.00  102.00    0.00    0.00  104.00     2  io_uring_echo_s
03:16:53 AM     0      2735    0.00  104.00    0.00    0.00  104.00     0  io_uring_echo_s
03:16:54 AM     0      2735    0.00  100.00    0.00    0.00  100.00     0  io_uring_echo_s
03:16:55 AM     0      2735    0.00  100.00    0.00    0.00  100.00     0  io_uring_echo_s
03:16:56 AM     0      2735    0.00  100.00    0.00    0.00  100.00     0  io_uring_echo_s
03:16:57 AM     0      2735    0.00  100.00    0.00    0.00  100.00     0  io_uring_echo_s
03:16:58 AM     0      2735    0.00  100.00    0.00    0.00  100.00     0  io_uring_echo_s
03:16:59 AM     0      2735    0.00  100.00    0.00    0.00  100.00     0  io_uring_echo_s
03:17:00 AM     0      2735    0.00  100.00    0.00    0.00  100.00     0  io_uring_echo_s
03:17:01 AM     0      2735    0.00  100.00    0.00    0.00  100.00     0  io_uring_echo_s
03:17:02 AM     0      2735    0.00  100.00    0.00    0.00  100.00     0  io_uring_echo_s
03:17:03 AM     0      2735    0.00   99.01    0.00    0.00   99.01     0  io_uring_echo_s
03:17:04 AM     0      2735    0.00  100.00    0.00    0.00  100.00     0  io_uring_echo_s
03:17:05 AM     0      2735    0.00  100.00    0.00    0.00  100.00     0  io_uring_echo_s
03:17:06 AM     0      2735    0.00  100.00    0.00    0.00  100.00     0  io_uring_echo_s
03:17:07 AM     0      2735    0.00  100.00    0.00    0.00  100.00     0  io_uring_echo_s
03:17:08 AM     0      2735    0.00  100.00    0.00    0.00  100.00     0  io_uring_echo_s
03:17:09 AM     0      2735    0.00  100.00    0.00    0.00  100.00     0  io_uring_echo_s
03:17:10 AM     0      2735    0.00  100.00    0.00    0.00  100.00     0  io_uring_echo_s
03:17:11 AM     0      2735    0.00  100.00    0.00    0.00  100.00     0  io_uring_echo_s
03:17:12 AM     0      2735    0.00  100.00    0.00    0.00  100.00     0  io_uring_echo_s
03:17:13 AM     0      2735    0.00  100.00    0.00    0.00  100.00     0  io_uring_echo_s
03:17:14 AM     0      2735    0.00  100.00    0.00    0.00  100.00     0  io_uring_echo_s
03:17:15 AM     0      2735    0.00  100.00    0.00    0.00  100.00     0  io_uring_echo_s
03:17:16 AM     0      2735    0.00  100.00    0.00    0.00  100.00     0  io_uring_echo_s
03:17:17 AM     0      2735    0.00  100.00    0.00    0.00  100.00     0  io_uring_echo_s
03:17:18 AM     0      2735    0.00  100.00    0.00    0.00  100.00     0  io_uring_echo_s
03:17:19 AM     0      2735    0.00  100.00    0.00    0.00  100.00     0  io_uring_echo_s
03:17:20 AM     0      2735    0.00  100.00    0.00    0.00  100.00     0  io_uring_echo_s
03:17:21 AM     0      2735    0.00  100.00    0.00    0.00  100.00     0  io_uring_echo_s
03:17:22 AM     0      2735    0.00  100.00    0.00    0.00  100.00     0  io_uring_echo_s
03:17:23 AM     0      2735    0.00  100.00    0.00    0.00  100.00     0  io_uring_echo_s
03:17:24 AM     0      2735    0.00  100.00    0.00    0.00  100.00     0  io_uring_echo_s
03:17:25 AM     0      2735    0.00  100.00    0.00    0.00  100.00     0  io_uring_echo_s
03:17:26 AM     0      2735    0.00  100.00    0.00    0.00  100.00     0  io_uring_echo_s
03:17:27 AM     0      2735    0.00  100.00    0.00    0.00  100.00     0  io_uring_echo_s
03:17:28 AM     0      2735    0.00  100.00    0.00    0.00  100.00     0  io_uring_echo_s
03:17:29 AM     0      2735    0.00  100.00    0.00    0.00  100.00     0  io_uring_echo_s
03:17:30 AM     0      2735    0.00  100.00    0.00    0.00  100.00     0  io_uring_echo_s
03:17:31 AM     0      2735    0.00  100.00    0.00    0.00  100.00     0  io_uring_echo_s
03:17:32 AM     0      2735    0.00  100.00    0.00    0.00  100.00     0  io_uring_echo_s
03:17:33 AM     0      2735    0.00  100.00    0.00    0.00  100.00     0  io_uring_echo_s
03:17:34 AM     0      2735    0.00  100.00    0.00    0.00  100.00     0  io_uring_echo_s
03:17:35 AM     0      2735    0.00  100.00    0.00    0.00  100.00     0  io_uring_echo_s
03:17:36 AM     0      2735    0.00  100.00    0.00    0.00  100.00     0  io_uring_echo_s
03:17:37 AM     0      2735    0.00  100.00    0.00    0.00  100.00     0  io_uring_echo_s
03:17:38 AM     0      2735    0.00  100.00    0.00    0.00  100.00     0  io_uring_echo_s
03:17:39 AM     0      2735    0.00  100.00    0.00    0.00  100.00     0  io_uring_echo_s
03:17:40 AM     0      2735    0.00  100.00    0.00    0.00  100.00     0  io_uring_echo_s
03:17:41 AM     0      2735    0.00  100.00    0.00    0.00  100.00     0  io_uring_echo_s
03:17:42 AM     0      2735    0.00  100.00    0.00    0.00  100.00     0  io_uring_echo_s
03:17:43 AM     0      2735    0.00  100.00    0.00    0.00  100.00     0  io_uring_echo_s
03:17:44 AM     0      2735    0.00  100.00    0.00    0.00  100.00     0  io_uring_echo_s
03:17:45 AM     0      2735    0.00  100.00    0.00    0.00  100.00     0  io_uring_echo_s
03:17:46 AM     0      2735    0.00  100.00    0.00    0.00  100.00     0  io_uring_echo_s
03:17:47 AM     0      2735    0.00  100.00    0.00    0.00  100.00     0  io_uring_echo_s
03:17:48 AM     0      2735    0.00  100.00    0.00    0.00  100.00     0  io_uring_echo_s
03:17:49 AM     0      2735    0.00  100.00    0.00    0.00  100.00     0  io_uring_echo_s
03:17:50 AM     0      2735    0.00  100.00    0.00    0.00  100.00     0  io_uring_echo_s
03:17:51 AM     0      2735    0.00  100.00    0.00    0.00  100.00     0  io_uring_echo_s
03:17:52 AM     0      2735    0.00  100.00    0.00    0.00  100.00     0  io_uring_echo_s
03:17:53 AM     0      2735    0.00  100.00    0.00    0.00  100.00     0  io_uring_echo_s
03:17:54 AM     0      2735    0.00  100.00    0.00    0.00  100.00     0  io_uring_echo_s
03:17:55 AM     0      2735    0.00   99.00    0.00    0.00   99.00     0  io_uring_echo_s
03:17:56 AM     0      2735    0.00  100.00    0.00    0.00  100.00     0  io_uring_echo_s
03:17:57 AM     0      2735    0.00  100.00    0.00    0.00  100.00     0  io_uring_echo_s
03:17:58 AM     0      2735    0.00  100.00    0.00    0.00  100.00     0  io_uring_echo_s
03:17:59 AM     0      2735    0.00  100.00    0.00    0.00  100.00     0  io_uring_echo_s
03:18:00 AM     0      2735    0.00  100.00    0.00    0.00  100.00     0  io_uring_echo_s
03:18:01 AM     0      2735    0.00  100.00    0.00    0.00  100.00     0  io_uring_echo_s
03:18:02 AM     0      2735    0.00  100.00    0.00    0.00  100.00     0  io_uring_echo_s
03:18:03 AM     0      2735    0.00  100.00    0.00    0.00  100.00     0  io_uring_echo_s
03:18:04 AM     0      2735    0.00  100.00    0.00    0.00  100.00     0  io_uring_echo_s
03:18:05 AM     0      2735    0.00  100.00    0.00    0.00  100.00     0  io_uring_echo_s
03:18:06 AM     0      2735    0.00  100.00    0.00    0.00  100.00     0  io_uring_echo_s
03:18:07 AM     0      2735    0.00  100.00    0.00    0.00  100.00     0  io_uring_echo_s
03:18:08 AM     0      2735    0.00  100.00    0.00    0.00  100.00     0  io_uring_echo_s
03:18:09 AM     0      2735    0.00  100.00    0.00    0.00  100.00     0  io_uring_echo_s
03:18:10 AM     0      2735    0.00  100.00    0.00    0.00  100.00     0  io_uring_echo_s
03:18:11 AM     0      2735    0.00  100.00    0.00    0.00  100.00     0  io_uring_echo_s
03:18:12 AM     0      2735    0.00  100.00    0.00    0.00  100.00     0  io_uring_echo_s
03:18:13 AM     0      2735    0.00  100.00    0.00    0.00  100.00     0  io_uring_echo_s
03:18:14 AM     0      2735    0.00  100.00    0.00    0.00  100.00     0  io_uring_echo_s
03:18:15 AM     0      2735    0.00  100.00    0.00    0.00  100.00     0  io_uring_echo_s
03:18:16 AM     0      2735    0.00  100.00    0.00    0.00  100.00     0  io_uring_echo_s
03:18:17 AM     0      2735    0.00  100.00    0.00    0.00  100.00     0  io_uring_echo_s

Average:        0      2735    2.58  100.10    0.00    0.03  102.68     -  io_uring_echo_s
