Linux 6.10.8adaptive-sq+ (jeonghoon-MS-7D22) 	2025년 07월 31일 	_x86_64_	(12 CPU)

11시 56분 10초   UID      TGID       TID    %usr %system  %guest   %wait    %CPU   CPU  Command
11시 56분 11초     0    122222         -    0.00   59.00    0.00    0.00   59.00     3  napi-busy-poll-
11시 56분 11초     0         -    122222    0.00   55.00    0.00    0.00   55.00     3  |__napi-busy-poll-
11시 56분 11초     0         -    122224    0.00    5.00    0.00    0.00    5.00     5  |__iou-sqp-122222
11시 56분 12초     0    122222         -    0.00   91.00    0.00    0.00   91.00     1  napi-busy-poll-
11시 56분 12초     0         -    122222    0.00   55.00    0.00    0.00   55.00     1  |__napi-busy-poll-
11시 56분 12초     0         -    122224    0.00   36.00    0.00    0.00   36.00     5  |__iou-sqp-122222
11시 56분 13초     0    122222         -    1.00  105.00    0.00    0.00  106.00     4  napi-busy-poll-
11시 56분 13초     0         -    122222    1.00   55.00    0.00    0.00   56.00     4  |__napi-busy-poll-
11시 56분 13초     0         -    122224    0.00   50.00    0.00    2.00   50.00     3  |__iou-sqp-122222
11시 56분 14초     0    122222         -    1.00  106.00    0.00    0.00  107.00     0  napi-busy-poll-
11시 56분 14초     0         -    122222    1.00   54.00    0.00    0.00   55.00     0  |__napi-busy-poll-
11시 56분 14초     0         -    122224    0.00   51.00    0.00    0.00   51.00     5  |__iou-sqp-122222
11시 56분 15초     0    122222         -    1.00  125.00    0.00    0.00  126.00     0  napi-busy-poll-
11시 56분 15초     0         -    122222    2.00   55.00    0.00    0.00   57.00     0  |__napi-busy-poll-
11시 56분 15초     0         -    122224    0.00   70.00    0.00    0.00   70.00     5  |__iou-sqp-122222
11시 56분 16초     0    122222         -    4.00  125.00    0.00    0.00  129.00     1  napi-busy-poll-
11시 56분 16초     0         -    122222    4.00   52.00    0.00    0.00   56.00     1  |__napi-busy-poll-
11시 56분 16초     0         -    122224    0.00   73.00    0.00    0.00   73.00     5  |__iou-sqp-122222
11시 56분 17초     0    122222         -    0.00  127.00    0.00    0.00  127.00     1  napi-busy-poll-
11시 56분 17초     0         -    122222    1.00   55.00    0.00    0.00   56.00     1  |__napi-busy-poll-
11시 56분 17초     0         -    122224    0.00   72.00    0.00    0.00   72.00     5  |__iou-sqp-122222
11시 56분 18초     0    122222         -    1.00  128.00    0.00    0.00  129.00     1  napi-busy-poll-
11시 56분 18초     0         -    122222    0.00   56.00    0.00    0.00   56.00     1  |__napi-busy-poll-
11시 56분 18초     0         -    122224    0.00   72.00    0.00    0.00   72.00     5  |__iou-sqp-122222
11시 56분 19초     0    122222         -    0.00  128.00    0.00    0.00  128.00     1  napi-busy-poll-
11시 56분 19초     0         -    122222    1.00   55.00    0.00    0.00   56.00     1  |__napi-busy-poll-
11시 56분 19초     0         -    122224    0.00   72.00    0.00    0.00   72.00     5  |__iou-sqp-122222
11시 56분 20초     0    122222         -    1.00  126.00    0.00    0.00  127.00     1  napi-busy-poll-
11시 56분 20초     0         -    122222    1.00   56.00    0.00    0.00   57.00     1  |__napi-busy-poll-
11시 56분 20초     0         -    122224    0.00   70.00    0.00    0.00   70.00     5  |__iou-sqp-122222
11시 56분 21초     0    122222         -    1.00  130.00    0.00    0.00  131.00     0  napi-busy-poll-
11시 56분 21초     0         -    122222    0.00   55.00    0.00    0.00   55.00     0  |__napi-busy-poll-
11시 56분 21초     0         -    122224    0.00   75.00    0.00    0.00   75.00     5  |__iou-sqp-122222
11시 56분 22초     0    122222         -    1.00  130.00    0.00    0.00  131.00     3  napi-busy-poll-
11시 56분 22초     0         -    122222    2.00   55.00    0.00    0.00   57.00     3  |__napi-busy-poll-
11시 56분 22초     0         -    122224    0.00   74.00    0.00    0.00   74.00     5  |__iou-sqp-122222
11시 56분 23초     0    122222         -    2.00  128.00    0.00    0.00  130.00     2  napi-busy-poll-
11시 56분 23초     0         -    122222    2.00   54.00    0.00    0.00   56.00     2  |__napi-busy-poll-
11시 56분 23초     0         -    122224    0.00   74.00    0.00    0.00   74.00     5  |__iou-sqp-122222
11시 56분 24초     0    122222         -    1.00  131.00    0.00    0.00  132.00     2  napi-busy-poll-
11시 56분 24초     0         -    122222    2.00   55.00    0.00    0.00   57.00     2  |__napi-busy-poll-
11시 56분 24초     0         -    122224    0.00   76.00    0.00    0.00   76.00     5  |__iou-sqp-122222
11시 56분 25초     0    122222         -    1.00  130.00    0.00    1.00  131.00     4  napi-busy-poll-
11시 56분 25초     0         -    122222    1.00   56.00    0.00    1.00   57.00     4  |__napi-busy-poll-
11시 56분 25초     0         -    122224    0.00   74.00    0.00    4.00   74.00     1  |__iou-sqp-122222
11시 56분 26초     0    122222         -    2.00  131.00    0.00    0.00  133.00     2  napi-busy-poll-
11시 56분 26초     0         -    122222    2.00   55.00    0.00    0.00   57.00     2  |__napi-busy-poll-
11시 56분 26초     0         -    122224    0.00   76.00    0.00    0.00   76.00     1  |__iou-sqp-122222
11시 56분 27초     0    122222         -    2.00  150.00    0.00    0.00  152.00     0  napi-busy-poll-
11시 56분 27초     0         -    122222    2.00   54.00    0.00    0.00   56.00     0  |__napi-busy-poll-
11시 56분 27초     0         -    122224    0.00   95.00    0.00    0.00   95.00     1  |__iou-sqp-122222
11시 56분 28초     0    122222         -    1.00  155.00    0.00    0.00  156.00     0  napi-busy-poll-
11시 56분 28초     0         -    122222    2.00   55.00    0.00    0.00   57.00     0  |__napi-busy-poll-
11시 56분 28초     0         -    122224    0.00  100.00    0.00    0.00  100.00     1  |__iou-sqp-122222
11시 56분 29초     0    122222         -    3.00  154.00    0.00    0.00  157.00     1  napi-busy-poll-
11시 56분 29초     0         -    122222    3.00   54.00    0.00    0.00   57.00     1  |__napi-busy-poll-
11시 56분 29초     0         -    122224    0.00   99.00    0.00    1.00   99.00     1  |__iou-sqp-122222
11시 56분 30초     0    122222         -    2.00  154.00    0.00    0.00  156.00     1  napi-busy-poll-
11시 56분 30초     0         -    122222    2.00   55.00    0.00    0.00   57.00     1  |__napi-busy-poll-
11시 56분 30초     0         -    122224    0.00   99.00    0.00    1.00   99.00     0  |__iou-sqp-122222
11시 56분 31초     0    122222         -    2.00  154.00    0.00    0.00  156.00     1  napi-busy-poll-
11시 56분 31초     0         -    122222    3.00   54.00    0.00    0.00   57.00     1  |__napi-busy-poll-
11시 56분 31초     0         -    122224    0.00  100.00    0.00    0.00  100.00     0  |__iou-sqp-122222
11시 56분 32초     0    122222         -    3.00  154.00    0.00    0.00  157.00     1  napi-busy-poll-
11시 56분 32초     0         -    122222    4.00   53.00    0.00    0.00   57.00     1  |__napi-busy-poll-
11시 56분 32초     0         -    122224    0.00  100.00    0.00    0.00  100.00     0  |__iou-sqp-122222
11시 56분 33초     0    122222         -    3.00  155.00    0.00    0.00  158.00     1  napi-busy-poll-
11시 56분 33초     0         -    122222    3.00   55.00    0.00    0.00   58.00     1  |__napi-busy-poll-
11시 56분 33초     0         -    122224    0.00  100.00    0.00    0.00  100.00     0  |__iou-sqp-122222
11시 56분 34초     0    122222         -    3.00  155.00    0.00    0.00  158.00     1  napi-busy-poll-
11시 56분 34초     0         -    122222    3.00   54.00    0.00    0.00   57.00     1  |__napi-busy-poll-
11시 56분 34초     0         -    122224    0.00  100.00    0.00    0.00  100.00     0  |__iou-sqp-122222
11시 56분 35초     0    122222         -    2.00  155.00    0.00    0.00  157.00     2  napi-busy-poll-
11시 56분 35초     0         -    122222    2.00   55.00    0.00    0.00   57.00     2  |__napi-busy-poll-
11시 56분 35초     0         -    122224    0.00  100.00    0.00    0.00  100.00     0  |__iou-sqp-122222
11시 56분 36초     0    122222         -    4.00  153.00    0.00    0.00  157.00     4  napi-busy-poll-
11시 56분 36초     0         -    122222    6.00   52.00    0.00    0.00   58.00     4  |__napi-busy-poll-
11시 56분 36초     0         -    122224    0.00  100.00    0.00    0.00  100.00     0  |__iou-sqp-122222
11시 56분 37초     0    122222         -    3.00  155.00    0.00    0.00  158.00     4  napi-busy-poll-
11시 56분 37초     0         -    122222    3.00   54.00    0.00    0.00   57.00     4  |__napi-busy-poll-
11시 56분 37초     0         -    122224    0.00  100.00    0.00    0.00  100.00     0  |__iou-sqp-122222
11시 56분 38초     0    122222         -    4.00  154.00    0.00    0.00  158.00     3  napi-busy-poll-
11시 56분 38초     0         -    122222    5.00   54.00    0.00    0.00   59.00     3  |__napi-busy-poll-
11시 56분 38초     0         -    122224    0.00  100.00    0.00    0.00  100.00     0  |__iou-sqp-122222
11시 56분 39초     0    122222         -    5.00  155.00    0.00    1.00  160.00     3  napi-busy-poll-
11시 56분 39초     0         -    122222    5.00   54.00    0.00    1.00   59.00     3  |__napi-busy-poll-
11시 56분 39초     0         -    122224    0.00  100.00    0.00    0.00  100.00     0  |__iou-sqp-122222
11시 56분 40초     0    122222         -    4.00  155.00    0.00    0.00  159.00     3  napi-busy-poll-
11시 56분 40초     0         -    122222    6.00   54.00    0.00    0.00   60.00     3  |__napi-busy-poll-
11시 56분 40초     0         -    122224    0.00  100.00    0.00    0.00  100.00     0  |__iou-sqp-122222
11시 56분 41초     0    122222         -    5.00  155.00    0.00    0.00  160.00     3  napi-busy-poll-
11시 56분 41초     0         -    122222    6.00   54.00    0.00    0.00   60.00     3  |__napi-busy-poll-
11시 56분 41초     0         -    122224    0.00  100.00    0.00    0.00  100.00     0  |__iou-sqp-122222
11시 56분 42초     0    122222         -    4.00  156.00    0.00    0.00  160.00     3  napi-busy-poll-
11시 56분 42초     0         -    122222    4.00   56.00    0.00    0.00   60.00     3  |__napi-busy-poll-
11시 56분 42초     0         -    122224    0.00  100.00    0.00    0.00  100.00     0  |__iou-sqp-122222
11시 56분 43초     0    122222         -    7.00  151.00    0.00    0.00  158.00     5  napi-busy-poll-
11시 56분 43초     0         -    122222    8.00   51.00    0.00    0.00   59.00     5  |__napi-busy-poll-
11시 56분 43초     0         -    122224    0.00   98.00    0.00    2.00   98.00     2  |__iou-sqp-122222
11시 56분 44초     0    122222         -    6.00  148.00    0.00    0.00  154.00     2  napi-busy-poll-
11시 56분 44초     0         -    122222    8.00   51.00    0.00    0.00   59.00     2  |__napi-busy-poll-
11시 56분 44초     0         -    122224    0.00   97.00    0.00    4.00   97.00     0  |__iou-sqp-122222
11시 56분 45초     0    122222         -    5.00  154.00    0.00    0.00  159.00     2  napi-busy-poll-
11시 56분 45초     0         -    122222    5.00   53.00    0.00    0.00   58.00     2  |__napi-busy-poll-
11시 56분 45초     0         -    122224    0.00  100.00    0.00    0.00  100.00     0  |__iou-sqp-122222
11시 56분 46초     0    122222         -    6.00  152.00    0.00    0.00  158.00     3  napi-busy-poll-
11시 56분 46초     0         -    122222    7.00   51.00    0.00    0.00   58.00     3  |__napi-busy-poll-
11시 56분 46초     0         -    122224    0.00  100.00    0.00    0.00  100.00     0  |__iou-sqp-122222
11시 56분 47초     0    122222         -    6.00  152.00    0.00    0.00  158.00     1  napi-busy-poll-
11시 56분 47초     0         -    122222    8.00   51.00    0.00    0.00   59.00     1  |__napi-busy-poll-
11시 56분 47초     0         -    122224    0.00  100.00    0.00    0.00  100.00     0  |__iou-sqp-122222
11시 56분 48초     0    122222         -    6.00  153.00    0.00    1.00  159.00     1  napi-busy-poll-
11시 56분 48초     0         -    122222    6.00   52.00    0.00    1.00   58.00     1  |__napi-busy-poll-
11시 56분 48초     0         -    122224    0.00  100.00    0.00    0.00  100.00     0  |__iou-sqp-122222
11시 56분 49초     0    122222         -    7.00  151.00    0.00    0.00  158.00     1  napi-busy-poll-
11시 56분 49초     0         -    122222    9.00   50.00    0.00    0.00   59.00     1  |__napi-busy-poll-
11시 56분 49초     0         -    122224    0.00  100.00    0.00    0.00  100.00     0  |__iou-sqp-122222
11시 56분 50초     0    122222         -    5.00  154.00    0.00    0.00  159.00     1  napi-busy-poll-
11시 56분 50초     0         -    122222    5.00   52.00    0.00    0.00   57.00     1  |__napi-busy-poll-
11시 56분 50초     0         -    122224    0.00  100.00    0.00    0.00  100.00     0  |__iou-sqp-122222
11시 56분 51초     0    122222         -    5.00  153.00    0.00    0.00  158.00     1  napi-busy-poll-
11시 56분 51초     0         -    122222    6.00   53.00    0.00    0.00   59.00     1  |__napi-busy-poll-
11시 56분 51초     0         -    122224    0.00  100.00    0.00    0.00  100.00     0  |__iou-sqp-122222
11시 56분 52초     0    122222         -    5.00  154.00    0.00    0.00  159.00     2  napi-busy-poll-
11시 56분 52초     0         -    122222    5.00   53.00    0.00    0.00   58.00     2  |__napi-busy-poll-
11시 56분 52초     0         -    122224    0.00  100.00    0.00    0.00  100.00     0  |__iou-sqp-122222
11시 56분 53초     0    122222         -    4.00  153.00    0.00    0.00  157.00     4  napi-busy-poll-
11시 56분 53초     0         -    122222    6.00   52.00    0.00    0.00   58.00     4  |__napi-busy-poll-
11시 56분 53초     0         -    122224    0.00  100.00    0.00    0.00  100.00     0  |__iou-sqp-122222
11시 56분 54초     0    122222         -    6.00  153.00    0.00    0.00  159.00     4  napi-busy-poll-
11시 56분 54초     0         -    122222    6.00   52.00    0.00    0.00   58.00     4  |__napi-busy-poll-
11시 56분 54초     0         -    122224    0.00  100.00    0.00    0.00  100.00     0  |__iou-sqp-122222
11시 56분 55초     0    122222         -    6.00  151.00    0.00    0.00  157.00     0  napi-busy-poll-
11시 56분 55초     0         -    122222    7.00   52.00    0.00    0.00   59.00     0  |__napi-busy-poll-
11시 56분 55초     0         -    122224    0.00   98.00    0.00    1.00   98.00     3  |__iou-sqp-122222
11시 56분 56초     0    122222         -    4.00  154.00    0.00    0.00  158.00     2  napi-busy-poll-
11시 56분 56초     0         -    122222    5.00   53.00    0.00    0.00   58.00     2  |__napi-busy-poll-
11시 56분 56초     0         -    122224    0.00  100.00    0.00    0.00  100.00     3  |__iou-sqp-122222
11시 56분 57초     0    122222         -    6.00  150.00    0.00    0.00  156.00     3  napi-busy-poll-
11시 56분 57초     0         -    122222    8.00   50.00    0.00    0.00   58.00     3  |__napi-busy-poll-
11시 56분 57초     0         -    122224    0.00   98.00    0.00    2.00   98.00     4  |__iou-sqp-122222
11시 56분 58초     0    122222         -    6.00  152.00    0.00    0.00  158.00     3  napi-busy-poll-
11시 56분 58초     0         -    122222    7.00   52.00    0.00    0.00   59.00     3  |__napi-busy-poll-
11시 56분 58초     0         -    122224    0.00  100.00    0.00    0.00  100.00     4  |__iou-sqp-122222
11시 56분 59초     0    122222         -    7.00  150.00    0.00    0.00  157.00     4  napi-busy-poll-
11시 56분 59초     0         -    122222    8.00   50.00    0.00    0.00   58.00     4  |__napi-busy-poll-
11시 56분 59초     0         -    122224    0.00   99.00    0.00    2.00   99.00     0  |__iou-sqp-122222
11시 57분 00초     0    122222         -    6.00  152.00    0.00    0.00  158.00     4  napi-busy-poll-
11시 57분 00초     0         -    122222    6.00   51.00    0.00    0.00   57.00     4  |__napi-busy-poll-
11시 57분 00초     0         -    122224    0.00  100.00    0.00    0.00  100.00     0  |__iou-sqp-122222
11시 57분 01초     0    122222         -    5.00  153.00    0.00    0.00  158.00     1  napi-busy-poll-
11시 57분 01초     0         -    122222    6.00   53.00    0.00    0.00   59.00     1  |__napi-busy-poll-
11시 57분 01초     0         -    122224    0.00  100.00    0.00    0.00  100.00     0  |__iou-sqp-122222
11시 57분 02초     0    122222         -    4.00  154.00    0.00    0.00  158.00     1  napi-busy-poll-
11시 57분 02초     0         -    122222    6.00   52.00    0.00    0.00   58.00     1  |__napi-busy-poll-
11시 57분 02초     0         -    122224    0.00  100.00    0.00    0.00  100.00     0  |__iou-sqp-122222
11시 57분 03초     0    122222         -    5.00  154.00    0.00    0.00  159.00     1  napi-busy-poll-
11시 57분 03초     0         -    122222    5.00   53.00    0.00    0.00   58.00     1  |__napi-busy-poll-
11시 57분 03초     0         -    122224    0.00  100.00    0.00    0.00  100.00     0  |__iou-sqp-122222
11시 57분 04초     0    122222         -    4.00  153.00    0.00    0.00  157.00     1  napi-busy-poll-
11시 57분 04초     0         -    122222    5.00   53.00    0.00    0.00   58.00     1  |__napi-busy-poll-
11시 57분 04초     0         -    122224    0.00  100.00    0.00    0.00  100.00     0  |__iou-sqp-122222
11시 57분 05초     0    122222         -    5.00  149.00    0.00    1.00  154.00     0  napi-busy-poll-
11시 57분 05초     0         -    122222    6.00   52.00    0.00    1.00   58.00     0  |__napi-busy-poll-
11시 57분 05초     0         -    122224    0.00   96.00    0.00    3.00   96.00     4  |__iou-sqp-122222
11시 57분 06초     0    122222         -    4.00  154.00    0.00    0.00  158.00     4  napi-busy-poll-
11시 57분 06초     0         -    122222    5.00   55.00    0.00    0.00   60.00     4  |__napi-busy-poll-
11시 57분 06초     0         -    122224    0.00   97.00    0.00    3.00   97.00     2  |__iou-sqp-122222
11시 57분 07초     0    122222         -    7.00  151.00    0.00    0.00  158.00     2  napi-busy-poll-
11시 57분 07초     0         -    122222    9.00   53.00    0.00    0.00   62.00     2  |__napi-busy-poll-
11시 57분 07초     0         -    122224    0.00   97.00    0.00    3.00   97.00     1  |__iou-sqp-122222
11시 57분 08초     0    122222         -    5.00  154.00    0.00    0.00  159.00     1  napi-busy-poll-
11시 57분 08초     0         -    122222    5.00   55.00    0.00    0.00   60.00     1  |__napi-busy-poll-
11시 57분 08초     0         -    122224    0.00   99.00    0.00    2.00   99.00     3  |__iou-sqp-122222
11시 57분 09초     0    122222         -    5.00  155.00    0.00    0.00  160.00     1  napi-busy-poll-
11시 57분 09초     0         -    122222    7.00   54.00    0.00    0.00   61.00     1  |__napi-busy-poll-
11시 57분 09초     0         -    122224    0.00  100.00    0.00    0.00  100.00     3  |__iou-sqp-122222
11시 57분 10초     0    122222         -    6.00  154.00    0.00    1.00  160.00     3  napi-busy-poll-
11시 57분 10초     0         -    122222    7.00   54.00    0.00    1.00   61.00     3  |__napi-busy-poll-
11시 57분 10초     0         -    122224    0.00   98.00    0.00    1.00   98.00     0  |__iou-sqp-122222
11시 57분 11초     0    122222         -    7.00  153.00    0.00    0.00  160.00     4  napi-busy-poll-
11시 57분 11초     0         -    122222    8.00   52.00    0.00    0.00   60.00     4  |__napi-busy-poll-
11시 57분 11초     0         -    122224    0.00  100.00    0.00    0.00  100.00     0  |__iou-sqp-122222
11시 57분 12초     0    122222         -    6.00  154.00    0.00    0.00  160.00     3  napi-busy-poll-
11시 57분 12초     0         -    122222    7.00   53.00    0.00    0.00   60.00     3  |__napi-busy-poll-
11시 57분 12초     0         -    122224    0.00  100.00    0.00    0.00  100.00     0  |__iou-sqp-122222
11시 57분 13초     0    122222         -    6.00  152.00    0.00    1.00  158.00     5  napi-busy-poll-
11시 57분 13초     0         -    122222    7.00   52.00    0.00    1.00   59.00     5  |__napi-busy-poll-
11시 57분 13초     0         -    122224    0.00   98.00    0.00    2.00   98.00     2  |__iou-sqp-122222
11시 57분 14초     0    122222         -    5.00  152.00    0.00    0.00  157.00     0  napi-busy-poll-
11시 57분 14초     0         -    122222    6.00   52.00    0.00    0.00   58.00     0  |__napi-busy-poll-
11시 57분 14초     0         -    122224    0.00  100.00    0.00    0.00  100.00     2  |__iou-sqp-122222
11시 57분 15초     0    122222         -    6.00  153.00    0.00    0.00  159.00     0  napi-busy-poll-
11시 57분 15초     0         -    122222    7.00   52.00    0.00    0.00   59.00     0  |__napi-busy-poll-
11시 57분 15초     0         -    122224    0.00  100.00    0.00    0.00  100.00     2  |__iou-sqp-122222
11시 57분 16초     0    122222         -    7.00  152.00    0.00    0.00  159.00     3  napi-busy-poll-
11시 57분 16초     0         -    122222    7.00   51.00    0.00    0.00   58.00     3  |__napi-busy-poll-
11시 57분 16초     0         -    122224    0.00  100.00    0.00    0.00  100.00     2  |__iou-sqp-122222
11시 57분 17초     0    122222         -    6.00  152.00    0.00    0.00  158.00     1  napi-busy-poll-
11시 57분 17초     0         -    122222    8.00   50.00    0.00    0.00   58.00     1  |__napi-busy-poll-
11시 57분 17초     0         -    122224    0.00  100.00    0.00    0.00  100.00     2  |__iou-sqp-122222
11시 57분 18초     0    122222         -    6.00  155.00    0.00    0.00  161.00     4  napi-busy-poll-
11시 57분 18초     0         -    122222    7.00   54.00    0.00    0.00   61.00     4  |__napi-busy-poll-
11시 57분 18초     0         -    122224    0.00  100.00    0.00    0.00  100.00     2  |__iou-sqp-122222
11시 57분 19초     0    122222         -    8.00  152.00    0.00    0.00  160.00     1  napi-busy-poll-
11시 57분 19초     0         -    122222    9.00   50.00    0.00    0.00   59.00     1  |__napi-busy-poll-
11시 57분 19초     0         -    122224    0.00  100.00    0.00    0.00  100.00     2  |__iou-sqp-122222
11시 57분 20초     0    122222         -    6.00  152.00    0.00    0.00  158.00     5  napi-busy-poll-
11시 57분 20초     0         -    122222    7.00   52.00    0.00    0.00   59.00     5  |__napi-busy-poll-
11시 57분 20초     0         -    122224    0.00  100.00    0.00    0.00  100.00     2  |__iou-sqp-122222
11시 57분 21초     0    122222         -    7.00  152.00    0.00    0.00  159.00     5  napi-busy-poll-
11시 57분 21초     0         -    122222    8.00   51.00    0.00    0.00   59.00     5  |__napi-busy-poll-
11시 57분 21초     0         -    122224    0.00  100.00    0.00    0.00  100.00     2  |__iou-sqp-122222
11시 57분 22초     0    122222         -    6.00  150.00    0.00    0.00  156.00     2  napi-busy-poll-
11시 57분 22초     0         -    122222    8.00   52.00    0.00    0.00   60.00     2  |__napi-busy-poll-
11시 57분 22초     0         -    122224    0.00   97.00    0.00    4.00   97.00     1  |__iou-sqp-122222
11시 57분 23초     0    122222         -    6.00  155.00    0.00    0.00  161.00     4  napi-busy-poll-
11시 57분 23초     0         -    122222    8.00   53.00    0.00    0.00   61.00     4  |__napi-busy-poll-
11시 57분 23초     0         -    122224    0.00  100.00    0.00    0.00  100.00     1  |__iou-sqp-122222
11시 57분 24초     0    122222         -    7.00  152.00    0.00    1.00  159.00     0  napi-busy-poll-
11시 57분 24초     0         -    122222    7.00   51.00    0.00    1.00   58.00     0  |__napi-busy-poll-
11시 57분 24초     0         -    122224    0.00  100.00    0.00    0.00  100.00     1  |__iou-sqp-122222
11시 57분 25초     0    122222         -    7.00  152.00    0.00    0.00  159.00     2  napi-busy-poll-
11시 57분 25초     0         -    122222    9.00   51.00    0.00    0.00   60.00     2  |__napi-busy-poll-
11시 57분 25초     0         -    122224    0.00  100.00    0.00    0.00  100.00     1  |__iou-sqp-122222
11시 57분 26초     0    122222         -    8.00  151.00    0.00    0.00  159.00     3  napi-busy-poll-
11시 57분 26초     0         -    122222   10.00   50.00    0.00    0.00   60.00     3  |__napi-busy-poll-
11시 57분 26초     0         -    122224    0.00  100.00    0.00    0.00  100.00     1  |__iou-sqp-122222
11시 57분 27초     0    122222         -    7.00  154.00    0.00    0.00  161.00     0  napi-busy-poll-
11시 57분 27초     0         -    122222    8.00   52.00    0.00    0.00   60.00     0  |__napi-busy-poll-
11시 57분 27초     0         -    122224    0.00  100.00    0.00    0.00  100.00     1  |__iou-sqp-122222
11시 57분 28초     0    122222         -    7.00  152.00    0.00    0.00  159.00     0  napi-busy-poll-
11시 57분 28초     0         -    122222    8.00   51.00    0.00    0.00   59.00     0  |__napi-busy-poll-
11시 57분 28초     0         -    122224    0.00  100.00    0.00    0.00  100.00     1  |__iou-sqp-122222
11시 57분 29초     0    122222         -    6.00  152.00    0.00    0.00  158.00     0  napi-busy-poll-
11시 57분 29초     0         -    122222    7.00   51.00    0.00    0.00   58.00     0  |__napi-busy-poll-
11시 57분 29초     0         -    122224    0.00  100.00    0.00    0.00  100.00     1  |__iou-sqp-122222
11시 57분 30초     0    122222         -    7.00  153.00    0.00    0.00  160.00     0  napi-busy-poll-
11시 57분 30초     0         -    122222    8.00   52.00    0.00    0.00   60.00     0  |__napi-busy-poll-
11시 57분 30초     0         -    122224    0.00  100.00    0.00    0.00  100.00     1  |__iou-sqp-122222
11시 57분 31초     0    122222         -    5.00  153.00    0.00    0.00  158.00     3  napi-busy-poll-
11시 57분 31초     0         -    122222    6.00   53.00    0.00    0.00   59.00     3  |__napi-busy-poll-
11시 57분 31초     0         -    122224    0.00  100.00    0.00    0.00  100.00     1  |__iou-sqp-122222
11시 57분 32초     0    122222         -    5.00  154.00    0.00    0.00  159.00     4  napi-busy-poll-
11시 57분 32초     0         -    122222    6.00   53.00    0.00    0.00   59.00     4  |__napi-busy-poll-
11시 57분 32초     0         -    122224    0.00  100.00    0.00    0.00  100.00     1  |__iou-sqp-122222
11시 57분 33초     0    122222         -    9.00  151.00    0.00    0.00  160.00     4  napi-busy-poll-
11시 57분 33초     0         -    122222   10.00   49.00    0.00    0.00   59.00     4  |__napi-busy-poll-
11시 57분 33초     0         -    122224    0.00  100.00    0.00    0.00  100.00     1  |__iou-sqp-122222
11시 57분 34초     0    122222         -    6.00  153.00    0.00    0.00  159.00     1  napi-busy-poll-
11시 57분 34초     0         -    122222    7.00   55.00    0.00    0.00   62.00     1  |__napi-busy-poll-
11시 57분 34초     0         -    122224    0.00   96.00    0.00    3.00   96.00     3  |__iou-sqp-122222
11시 57분 35초     0    122222         -    5.00  156.00    0.00    0.00  161.00     1  napi-busy-poll-
11시 57분 35초     0         -    122222    7.00   55.00    0.00    0.00   62.00     1  |__napi-busy-poll-
11시 57분 35초     0         -    122224    0.00  100.00    0.00    0.00  100.00     3  |__iou-sqp-122222
11시 57분 36초     0    122222         -    6.00  156.00    0.00    0.00  162.00     1  napi-busy-poll-
11시 57분 36초     0         -    122222    7.00   55.00    0.00    0.00   62.00     1  |__napi-busy-poll-
11시 57분 36초     0         -    122224    0.00  100.00    0.00    0.00  100.00     3  |__iou-sqp-122222
11시 57분 37초     0    122222         -    8.00  152.00    0.00    0.00  160.00     0  napi-busy-poll-
11시 57분 37초     0         -    122222    9.00   50.00    0.00    0.00   59.00     0  |__napi-busy-poll-
11시 57분 37초     0         -    122224    0.00  100.00    0.00    0.00  100.00     3  |__iou-sqp-122222
11시 57분 38초     0    122222         -    7.00  152.00    0.00    1.00  159.00     0  napi-busy-poll-
11시 57분 38초     0         -    122222    8.00   51.00    0.00    1.00   59.00     0  |__napi-busy-poll-
11시 57분 38초     0         -    122224    0.00  100.00    0.00    0.00  100.00     3  |__iou-sqp-122222
11시 57분 39초     0    122222         -    7.00  152.00    0.00    0.00  159.00     4  napi-busy-poll-
11시 57분 39초     0         -    122222    8.00   51.00    0.00    0.00   59.00     4  |__napi-busy-poll-
11시 57분 39초     0         -    122224    0.00  100.00    0.00    0.00  100.00     3  |__iou-sqp-122222
11시 57분 40초     0    122222         -    6.00  152.00    0.00    0.00  158.00     4  napi-busy-poll-
11시 57분 40초     0         -    122222    7.00   52.00    0.00    0.00   59.00     4  |__napi-busy-poll-
11시 57분 40초     0         -    122224    0.00  100.00    0.00    0.00  100.00     3  |__iou-sqp-122222
11시 57분 41초     0    122222         -    7.00  152.00    0.00    0.00  159.00     4  napi-busy-poll-
11시 57분 41초     0         -    122222    9.00   50.00    0.00    0.00   59.00     4  |__napi-busy-poll-
11시 57분 41초     0         -    122224    0.00  100.00    0.00    0.00  100.00     3  |__iou-sqp-122222
11시 57분 42초     0    122222         -    8.00  152.00    0.00    0.00  160.00     2  napi-busy-poll-
11시 57분 42초     0         -    122222    9.00   50.00    0.00    0.00   59.00     2  |__napi-busy-poll-
11시 57분 42초     0         -    122224    0.00  100.00    0.00    0.00  100.00     3  |__iou-sqp-122222
11시 57분 43초     0    122222         -    9.00  152.00    0.00    0.00  161.00     1  napi-busy-poll-
11시 57분 43초     0         -    122222   10.00   51.00    0.00    0.00   61.00     1  |__napi-busy-poll-
11시 57분 43초     0         -    122224    0.00  100.00    0.00    0.00  100.00     3  |__iou-sqp-122222
11시 57분 44초     0    122222         -    8.00  152.00    0.00    0.00  160.00     2  napi-busy-poll-
11시 57분 44초     0         -    122222    9.00   51.00    0.00    0.00   60.00     2  |__napi-busy-poll-
11시 57분 44초     0         -    122224    0.00  100.00    0.00    0.00  100.00     3  |__iou-sqp-122222
11시 57분 45초     0    122222         -    7.00  152.00    0.00    0.00  159.00     2  napi-busy-poll-
11시 57분 45초     0         -    122222    9.00   50.00    0.00    0.00   59.00     2  |__napi-busy-poll-
11시 57분 45초     0         -    122224    0.00  100.00    0.00    0.00  100.00     3  |__iou-sqp-122222
11시 57분 46초     0    122222         -    8.00  151.00    0.00    0.00  159.00     2  napi-busy-poll-
11시 57분 46초     0         -    122222    9.00   50.00    0.00    0.00   59.00     2  |__napi-busy-poll-
11시 57분 46초     0         -    122224    0.00  100.00    0.00    0.00  100.00     3  |__iou-sqp-122222
11시 57분 47초     0    122222         -    9.00  148.00    0.00    0.00  157.00     0  napi-busy-poll-
11시 57분 47초     0         -    122222   12.00   50.00    0.00    0.00   62.00     0  |__napi-busy-poll-
11시 57분 47초     0         -    122224    0.00   96.00    0.00    4.00   96.00     4  |__iou-sqp-122222
11시 57분 48초     0    122222         -    9.00  154.00    0.00    1.00  163.00     5  napi-busy-poll-
11시 57분 48초     0         -    122222   10.00   53.00    0.00    1.00   63.00     5  |__napi-busy-poll-
11시 57분 48초     0         -    122224    0.00  100.00    0.00    0.00  100.00     4  |__iou-sqp-122222
11시 57분 49초     0    122222         -   10.00  154.00    0.00    0.00  164.00     5  napi-busy-poll-
11시 57분 49초     0         -    122222   12.00   52.00    0.00    0.00   64.00     5  |__napi-busy-poll-
11시 57분 49초     0         -    122224    0.00  100.00    0.00    0.00  100.00     4  |__iou-sqp-122222
11시 57분 50초     0    122222         -    9.00  155.00    0.00    0.00  164.00     5  napi-busy-poll-
11시 57분 50초     0         -    122222   11.00   52.00    0.00    0.00   63.00     5  |__napi-busy-poll-
11시 57분 50초     0         -    122224    0.00  100.00    0.00    0.00  100.00     4  |__iou-sqp-122222
11시 57분 51초     0    122222         -    8.00  153.00    0.00    1.00  161.00     0  napi-busy-poll-
11시 57분 51초     0         -    122222    9.00   52.00    0.00    1.00   61.00     0  |__napi-busy-poll-
11시 57분 51초     0         -    122224    0.00  100.00    0.00    0.00  100.00     4  |__iou-sqp-122222
11시 57분 52초     0    122222         -    9.00  150.00    0.00    0.00  159.00     3  napi-busy-poll-
11시 57분 52초     0         -    122222   11.00   49.00    0.00    0.00   60.00     3  |__napi-busy-poll-
11시 57분 52초     0         -    122224    0.00  100.00    0.00    0.00  100.00     4  |__iou-sqp-122222
11시 57분 53초     0    122222         -    9.00  151.00    0.00    0.00  160.00     1  napi-busy-poll-
11시 57분 53초     0         -    122222   11.00   49.00    0.00    0.00   60.00     1  |__napi-busy-poll-
11시 57분 53초     0         -    122224    0.00  100.00    0.00    1.00  100.00     4  |__iou-sqp-122222
11시 57분 54초     0    122222         -    9.00  151.00    0.00    0.00  160.00     1  napi-busy-poll-
11시 57분 54초     0         -    122222   10.00   49.00    0.00    0.00   59.00     1  |__napi-busy-poll-
11시 57분 54초     0         -    122224    0.00  100.00    0.00    0.00  100.00     4  |__iou-sqp-122222
11시 57분 55초     0    122222         -    9.00  149.00    0.00    0.00  158.00     5  napi-busy-poll-
11시 57분 55초     0         -    122222   10.00   49.00    0.00    0.00   59.00     5  |__napi-busy-poll-
11시 57분 55초     0         -    122224    0.00   99.00    0.00    0.00   99.00     0  |__iou-sqp-122222
11시 57분 56초     0    122222         -    8.00  152.00    0.00    0.00  160.00     1  napi-busy-poll-
11시 57분 56초     0         -    122222   10.00   50.00    0.00    0.00   60.00     1  |__napi-busy-poll-
11시 57분 56초     0         -    122224    0.00  100.00    0.00    0.00  100.00     0  |__iou-sqp-122222
11시 57분 57초     0    122222         -   10.00  149.00    0.00    0.00  159.00     2  napi-busy-poll-
11시 57분 57초     0         -    122222   12.00   48.00    0.00    0.00   60.00     2  |__napi-busy-poll-
11시 57분 57초     0         -    122224    0.00  100.00    0.00    0.00  100.00     0  |__iou-sqp-122222
11시 57분 58초     0    122222         -    8.00  152.00    0.00    0.00  160.00     2  napi-busy-poll-
11시 57분 58초     0         -    122222    9.00   51.00    0.00    0.00   60.00     2  |__napi-busy-poll-
11시 57분 58초     0         -    122224    0.00  100.00    0.00    0.00  100.00     0  |__iou-sqp-122222
11시 57분 59초     0    122222         -    8.00  151.00    0.00    0.00  159.00     2  napi-busy-poll-
11시 57분 59초     0         -    122222    9.00   50.00    0.00    0.00   59.00     2  |__napi-busy-poll-
11시 57분 59초     0         -    122224    0.00  100.00    0.00    0.00  100.00     0  |__iou-sqp-122222
11시 58분 00초     0    122222         -    9.00  146.00    0.00    0.00  155.00     0  napi-busy-poll-
11시 58분 00초     0         -    122222   11.00   49.00    0.00    0.00   60.00     0  |__napi-busy-poll-
11시 58분 00초     0         -    122224    0.00   94.00    0.00    6.00   94.00     3  |__iou-sqp-122222
11시 58분 01초     0    122222         -   11.00  149.00    0.00    0.00  160.00     0  napi-busy-poll-
11시 58분 01초     0         -    122222   12.00   48.00    0.00    0.00   60.00     0  |__napi-busy-poll-
11시 58분 01초     0         -    122224    0.00  100.00    0.00    0.00  100.00     3  |__iou-sqp-122222
11시 58분 02초     0    122222         -    7.00  152.00    0.00    0.00  159.00     0  napi-busy-poll-
11시 58분 02초     0         -    122222    9.00   51.00    0.00    0.00   60.00     0  |__napi-busy-poll-
11시 58분 02초     0         -    122224    0.00  100.00    0.00    0.00  100.00     3  |__iou-sqp-122222
11시 58분 03초     0    122222         -   10.00  150.00    0.00    0.00  160.00     0  napi-busy-poll-
11시 58분 03초     0         -    122222   12.00   47.00    0.00    0.00   59.00     0  |__napi-busy-poll-
11시 58분 03초     0         -    122224    0.00  100.00    0.00    0.00  100.00     3  |__iou-sqp-122222
11시 58분 04초     0    122222         -   11.00  148.00    0.00    0.00  159.00     5  napi-busy-poll-
11시 58분 04초     0         -    122222   12.00   48.00    0.00    0.00   60.00     5  |__napi-busy-poll-
11시 58분 04초     0         -    122224    0.00  100.00    0.00    0.00  100.00     3  |__iou-sqp-122222
11시 58분 05초     0    122222         -    9.00  151.00    0.00    0.00  160.00     5  napi-busy-poll-
11시 58분 05초     0         -    122222   11.00   49.00    0.00    0.00   60.00     5  |__napi-busy-poll-
11시 58분 05초     0         -    122224    0.00  100.00    0.00    0.00  100.00     3  |__iou-sqp-122222
11시 58분 06초     0    122222         -    8.00  151.00    0.00    1.00  159.00     2  napi-busy-poll-
11시 58분 06초     0         -    122222    9.00   52.00    0.00    1.00   61.00     2  |__napi-busy-poll-
11시 58분 06초     0         -    122224    0.00   98.00    0.00    3.00   98.00     0  |__iou-sqp-122222
11시 58분 07초     0    122222         -    7.00  149.00    0.00    0.00  156.00     0  napi-busy-poll-
11시 58분 07초     0         -    122222    8.00   52.00    0.00    0.00   60.00     0  |__napi-busy-poll-
11시 58분 07초     0         -    122224    0.00   96.00    0.00    4.00   96.00     4  |__iou-sqp-122222
11시 58분 08초     0    122222         -    8.00  152.00    0.00    0.00  160.00     0  napi-busy-poll-
11시 58분 08초     0         -    122222   10.00   50.00    0.00    0.00   60.00     0  |__napi-busy-poll-
11시 58분 08초     0         -    122224    0.00  100.00    0.00    0.00  100.00     4  |__iou-sqp-122222
11시 58분 09초     0    122222         -   10.00  150.00    0.00    0.00  160.00     3  napi-busy-poll-
11시 58분 09초     0         -    122222   12.00   48.00    0.00    0.00   60.00     3  |__napi-busy-poll-
11시 58분 09초     0         -    122224    0.00  100.00    0.00    0.00  100.00     4  |__iou-sqp-122222
11시 58분 10초     0    122222         -    9.00  151.00    0.00    0.00  160.00     3  napi-busy-poll-
11시 58분 10초     0         -    122222   10.00   49.00    0.00    0.00   59.00     3  |__napi-busy-poll-
11시 58분 10초     0         -    122224    0.00  100.00    0.00    0.00  100.00     4  |__iou-sqp-122222
11시 58분 11초     0    122222         -    9.00  149.00    0.00    0.00  158.00     4  napi-busy-poll-
11시 58분 11초     0         -    122222   10.00   51.00    0.00    0.00   61.00     4  |__napi-busy-poll-
11시 58분 11초     0         -    122224    0.00   97.00    0.00    2.00   97.00     5  |__iou-sqp-122222
11시 58분 12초     0    122222         -   10.00  151.00    0.00    0.00  161.00     4  napi-busy-poll-
11시 58분 12초     0         -    122222   13.00   49.00    0.00    0.00   62.00     4  |__napi-busy-poll-
11시 58분 12초     0         -    122224    0.00  100.00    0.00    0.00  100.00     5  |__iou-sqp-122222
11시 58분 13초     0    122222         -   10.00  152.00    0.00    1.00  162.00     3  napi-busy-poll-
11시 58분 13초     0         -    122222   11.00   50.00    0.00    1.00   61.00     3  |__napi-busy-poll-
11시 58분 13초     0         -    122224    0.00  100.00    0.00    0.00  100.00     5  |__iou-sqp-122222
11시 58분 14초     0    122222         -   11.00  149.00    0.00    0.00  160.00     3  napi-busy-poll-
11시 58분 14초     0         -    122222   12.00   48.00    0.00    0.00   60.00     3  |__napi-busy-poll-
11시 58분 14초     0         -    122224    0.00  100.00    0.00    0.00  100.00     5  |__iou-sqp-122222
11시 58분 15초     0    122222         -   10.00  150.00    0.00    0.00  160.00     5  napi-busy-poll-
11시 58분 15초     0         -    122222   13.00   49.00    0.00    0.00   62.00     5  |__napi-busy-poll-
11시 58분 15초     0         -    122224    0.00   99.00    0.00    2.00   99.00     4  |__iou-sqp-122222
11시 58분 16초     0    122222         -   10.00  149.00    0.00    0.00  159.00     4  napi-busy-poll-
11시 58분 16초     0         -    122222   12.00   50.00    0.00    0.00   62.00     4  |__napi-busy-poll-
11시 58분 16초     0         -    122224    0.00   97.00    0.00    3.00   97.00     0  |__iou-sqp-122222
11시 58분 17초     0    122222         -   12.00  151.00    0.00    1.00  163.00     5  napi-busy-poll-
11시 58분 17초     0         -    122222   14.00   50.00    0.00    1.00   64.00     5  |__napi-busy-poll-
11시 58분 17초     0         -    122224    0.00   99.00    0.00    0.00   99.00     4  |__iou-sqp-122222
11시 58분 18초     0    122222         -    9.00  152.00    0.00    0.00  161.00     0  napi-busy-poll-
11시 58분 18초     0         -    122222   10.00   50.00    0.00    0.00   60.00     0  |__napi-busy-poll-
11시 58분 18초     0         -    122224    0.00  100.00    0.00    0.00  100.00     4  |__iou-sqp-122222
11시 58분 19초     0    122222         -   10.00  150.00    0.00    0.00  160.00     1  napi-busy-poll-
11시 58분 19초     0         -    122222   12.00   48.00    0.00    0.00   60.00     1  |__napi-busy-poll-
11시 58분 19초     0         -    122224    0.00  100.00    0.00    1.00  100.00     4  |__iou-sqp-122222
11시 58분 20초     0    122222         -    9.00  151.00    0.00    0.00  160.00     3  napi-busy-poll-
11시 58분 20초     0         -    122222   11.00   50.00    0.00    0.00   61.00     3  |__napi-busy-poll-
11시 58분 20초     0         -    122224    0.00  100.00    0.00    0.00  100.00     4  |__iou-sqp-122222
11시 58분 21초     0    122222         -    9.00  151.00    0.00    0.00  160.00     1  napi-busy-poll-
11시 58분 21초     0         -    122222   10.00   49.00    0.00    0.00   59.00     1  |__napi-busy-poll-
11시 58분 21초     0         -    122224    0.00  100.00    0.00    0.00  100.00     4  |__iou-sqp-122222
11시 58분 22초     0    122222         -   10.00  150.00    0.00    0.00  160.00     1  napi-busy-poll-
11시 58분 22초     0         -    122222   12.00   49.00    0.00    0.00   61.00     1  |__napi-busy-poll-
11시 58분 22초     0         -    122224    0.00  100.00    0.00    0.00  100.00     4  |__iou-sqp-122222
11시 58분 23초     0    122222         -   10.00  150.00    0.00    0.00  160.00     1  napi-busy-poll-
11시 58분 23초     0         -    122222   11.00   49.00    0.00    0.00   60.00     1  |__napi-busy-poll-
11시 58분 23초     0         -    122224    0.00  100.00    0.00    0.00  100.00     4  |__iou-sqp-122222
11시 58분 24초     0    122222         -    9.00  151.00    0.00    0.00  160.00     1  napi-busy-poll-
11시 58분 24초     0         -    122222   11.00   49.00    0.00    0.00   60.00     1  |__napi-busy-poll-
11시 58분 24초     0         -    122224    0.00  100.00    0.00    0.00  100.00     4  |__iou-sqp-122222
11시 58분 25초     0    122222         -   10.00  149.00    0.00    0.00  159.00     1  napi-busy-poll-
11시 58분 25초     0         -    122222   11.00   50.00    0.00    0.00   61.00     1  |__napi-busy-poll-
11시 58분 25초     0         -    122224    0.00   97.00    0.00    3.00   97.00     2  |__iou-sqp-122222
11시 58분 26초     0    122222         -   10.00  146.00    0.00    0.00  156.00     2  napi-busy-poll-
11시 58분 26초     0         -    122222   12.00   49.00    0.00    0.00   61.00     2  |__napi-busy-poll-
11시 58분 26초     0         -    122224    0.00   95.00    0.00    4.00   95.00     0  |__iou-sqp-122222
11시 58분 27초     0    122222         -   12.00  145.00    0.00    1.00  157.00     0  napi-busy-poll-
11시 58분 27초     0         -    122222   15.00   45.00    0.00    1.00   60.00     0  |__napi-busy-poll-
11시 58분 27초     0         -    122224    0.00   98.00    0.00    3.00   98.00     0  |__iou-sqp-122222
11시 58분 28초     0    122222         -    9.00  143.00    0.00    0.00  152.00     3  napi-busy-poll-
11시 58분 28초     0         -    122222   10.00   51.00    0.00    0.00   61.00     3  |__napi-busy-poll-
11시 58분 28초     0         -    122224    0.00   91.00    0.00    9.00   91.00     4  |__iou-sqp-122222
11시 58분 29초     0    122222         -   10.00  150.00    0.00    0.00  160.00     3  napi-busy-poll-
11시 58분 29초     0         -    122222   11.00   49.00    0.00    0.00   60.00     3  |__napi-busy-poll-
11시 58분 29초     0         -    122224    0.00   99.00    0.00    0.00   99.00     4  |__iou-sqp-122222
11시 58분 30초     0    122222         -   10.00  150.00    0.00    0.00  160.00     3  napi-busy-poll-
11시 58분 30초     0         -    122222   12.00   48.00    0.00    0.00   60.00     3  |__napi-busy-poll-
11시 58분 30초     0         -    122224    0.00  101.00    0.00    0.00  101.00     4  |__iou-sqp-122222
11시 58분 31초     0    122222         -   10.00  150.00    0.00    0.00  160.00     3  napi-busy-poll-
11시 58분 31초     0         -    122222   12.00   49.00    0.00    0.00   61.00     3  |__napi-busy-poll-
11시 58분 31초     0         -    122224    0.00  100.00    0.00    0.00  100.00     4  |__iou-sqp-122222
11시 58분 32초     0    122222         -   11.00  150.00    0.00    0.00  161.00     2  napi-busy-poll-
11시 58분 32초     0         -    122222   12.00   48.00    0.00    0.00   60.00     2  |__napi-busy-poll-
11시 58분 32초     0         -    122224    0.00  100.00    0.00    0.00  100.00     4  |__iou-sqp-122222
11시 58분 33초     0    122222         -    9.00  150.00    0.00    0.00  159.00     2  napi-busy-poll-
11시 58분 33초     0         -    122222   11.00   48.00    0.00    0.00   59.00     2  |__napi-busy-poll-
11시 58분 33초     0         -    122224    0.00  100.00    0.00    0.00  100.00     4  |__iou-sqp-122222
11시 58분 34초     0    122222         -    9.00  152.00    0.00    0.00  161.00     0  napi-busy-poll-
11시 58분 34초     0         -    122222   10.00   51.00    0.00    0.00   61.00     0  |__napi-busy-poll-
11시 58분 34초     0         -    122224    0.00  100.00    0.00    0.00  100.00     4  |__iou-sqp-122222
11시 58분 35초     0    122222         -   10.00  150.00    0.00    0.00  160.00     3  napi-busy-poll-
11시 58분 35초     0         -    122222   12.00   48.00    0.00    0.00   60.00     3  |__napi-busy-poll-
11시 58분 35초     0         -    122224    0.00   99.00    0.00    0.00   99.00     4  |__iou-sqp-122222
11시 58분 36초     0    122222         -   12.00  148.00    0.00    0.00  160.00     3  napi-busy-poll-
11시 58분 36초     0         -    122222   14.00   46.00    0.00    0.00   60.00     3  |__napi-busy-poll-
11시 58분 36초     0         -    122224    0.00  100.00    0.00    0.00  100.00     4  |__iou-sqp-122222
11시 58분 37초     0    122222         -    9.00  152.00    0.00    0.00  161.00     1  napi-busy-poll-
11시 58분 37초     0         -    122222   10.00   52.00    0.00    0.00   62.00     1  |__napi-busy-poll-
11시 58분 37초     0         -    122224    0.00   98.00    0.00    2.00   98.00     5  |__iou-sqp-122222
11시 58분 38초     0    122222         -   13.00  147.00    0.00    0.00  160.00     0  napi-busy-poll-
11시 58분 38초     0         -    122222   15.00   46.00    0.00    0.00   61.00     0  |__napi-busy-poll-
11시 58분 38초     0         -    122224    0.00  100.00    0.00    0.00  100.00     5  |__iou-sqp-122222
11시 58분 39초     0    122222         -    9.00  151.00    0.00    0.00  160.00     2  napi-busy-poll-
11시 58분 39초     0         -    122222   11.00   49.00    0.00    0.00   60.00     2  |__napi-busy-poll-
11시 58분 39초     0         -    122224    0.00  100.00    0.00    0.00  100.00     5  |__iou-sqp-122222
11시 58분 40초     0    122222         -   11.00  150.00    0.00    1.00  161.00     3  napi-busy-poll-
11시 58분 40초     0         -    122222   12.00   49.00    0.00    1.00   61.00     3  |__napi-busy-poll-
11시 58분 40초     0         -    122224    0.00  100.00    0.00    0.00  100.00     5  |__iou-sqp-122222
11시 58분 41초     0    122222         -   11.00  144.00    0.00    0.00  155.00     5  napi-busy-poll-
11시 58분 41초     0         -    122222   14.00   47.00    0.00    0.00   61.00     5  |__napi-busy-poll-
11시 58분 41초     0         -    122224    0.00   95.00    0.00    6.00   95.00     1  |__iou-sqp-122222
11시 58분 42초     0    122222         -   10.00  149.00    0.00    0.00  159.00     5  napi-busy-poll-
11시 58분 42초     0         -    122222   12.00   47.00    0.00    0.00   59.00     5  |__napi-busy-poll-
11시 58분 42초     0         -    122224    0.00  100.00    0.00    0.00  100.00     1  |__iou-sqp-122222
11시 58분 43초     0    122222         -   11.00  150.00    0.00    0.00  161.00     0  napi-busy-poll-
11시 58분 43초     0         -    122222   12.00   48.00    0.00    0.00   60.00     0  |__napi-busy-poll-
11시 58분 43초     0         -    122224    0.00  100.00    0.00    0.00  100.00     1  |__iou-sqp-122222
11시 58분 44초     0    122222         -   10.00  150.00    0.00    0.00  160.00     0  napi-busy-poll-
11시 58분 44초     0         -    122222   11.00   49.00    0.00    0.00   60.00     0  |__napi-busy-poll-
11시 58분 44초     0         -    122224    0.00  100.00    0.00    0.00  100.00     1  |__iou-sqp-122222
11시 58분 45초     0    122222         -    9.00  150.00    0.00    0.00  159.00     5  napi-busy-poll-
11시 58분 45초     0         -    122222   12.00   48.00    0.00    0.00   60.00     5  |__napi-busy-poll-
11시 58분 45초     0         -    122224    0.00  100.00    0.00    0.00  100.00     1  |__iou-sqp-122222
11시 58분 46초     0    122222         -    9.00  151.00    0.00    0.00  160.00     5  napi-busy-poll-
11시 58분 46초     0         -    122222   10.00   50.00    0.00    0.00   60.00     5  |__napi-busy-poll-
11시 58분 46초     0         -    122224    0.00  100.00    0.00    0.00  100.00     1  |__iou-sqp-122222
11시 58분 47초     0    122222         -   10.00  150.00    0.00    0.00  160.00     3  napi-busy-poll-
11시 58분 47초     0         -    122222   12.00   48.00    0.00    0.00   60.00     3  |__napi-busy-poll-
11시 58분 47초     0         -    122224    0.00  100.00    0.00    0.00  100.00     1  |__iou-sqp-122222
11시 58분 48초     0    122222         -   10.00  145.00    0.00    0.00  155.00     1  napi-busy-poll-
11시 58분 48초     0         -    122222   11.00   50.00    0.00    0.00   61.00     1  |__napi-busy-poll-
11시 58분 48초     0         -    122224    0.00   94.00    0.00    6.00   94.00     4  |__iou-sqp-122222
11시 58분 49초     0    122222         -    8.00  151.00    0.00    0.00  159.00     4  napi-busy-poll-
11시 58분 49초     0         -    122222    9.00   51.00    0.00    0.00   60.00     4  |__napi-busy-poll-
11시 58분 49초     0         -    122224    0.00   98.00    0.00    1.00   98.00     3  |__iou-sqp-122222
11시 58분 50초     0    122222         -   12.00  148.00    0.00    0.00  160.00     5  napi-busy-poll-
11시 58분 50초     0         -    122222   14.00   46.00    0.00    0.00   60.00     5  |__napi-busy-poll-
11시 58분 50초     0         -    122224    0.00  101.00    0.00    0.00  101.00     3  |__iou-sqp-122222
11시 58분 51초     0    122222         -   11.00  150.00    0.00    0.00  161.00     5  napi-busy-poll-
11시 58분 51초     0         -    122222   13.00   48.00    0.00    0.00   61.00     5  |__napi-busy-poll-
11시 58분 51초     0         -    122224    0.00  100.00    0.00    0.00  100.00     3  |__iou-sqp-122222
11시 58분 52초     0    122222         -   11.00  149.00    0.00    0.00  160.00     2  napi-busy-poll-
11시 58분 52초     0         -    122222   14.00   47.00    0.00    0.00   61.00     2  |__napi-busy-poll-
11시 58분 52초     0         -    122224    0.00   99.00    0.00    0.00   99.00     3  |__iou-sqp-122222
11시 58분 53초     0    122222         -   10.00  155.00    0.00    1.00  165.00     4  napi-busy-poll-
11시 58분 53초     0         -    122222   11.00   53.00    0.00    1.00   64.00     4  |__napi-busy-poll-
11시 58분 53초     0         -    122224    0.00  101.00    0.00    0.00  101.00     3  |__iou-sqp-122222
11시 58분 54초     0    122222         -   11.00  151.00    0.00    0.00  162.00     2  napi-busy-poll-
11시 58분 54초     0         -    122222   13.00   49.00    0.00    0.00   62.00     2  |__napi-busy-poll-
11시 58분 54초     0         -    122224    0.00  100.00    0.00    0.00  100.00     3  |__iou-sqp-122222
11시 58분 55초     0    122222         -   10.00  148.00    0.00    1.00  158.00     0  napi-busy-poll-
11시 58분 55초     0         -    122222   12.00   52.00    0.00    1.00   64.00     0  |__napi-busy-poll-
11시 58분 55초     0         -    122224    0.00   94.00    0.00    6.00   94.00     5  |__iou-sqp-122222
11시 58분 56초     0    122222         -   12.00  148.00    0.00    0.00  160.00     3  napi-busy-poll-
11시 58분 56초     0         -    122222   14.00   46.00    0.00    0.00   60.00     3  |__napi-busy-poll-
11시 58분 56초     0         -    122224    0.00  100.00    0.00    0.00  100.00     5  |__iou-sqp-122222
11시 58분 57초     0    122222         -   12.00  150.00    0.00    0.00  162.00     4  napi-busy-poll-
11시 58분 57초     0         -    122222   14.00   48.00    0.00    0.00   62.00     4  |__napi-busy-poll-
11시 58분 57초     0         -    122224    0.00  100.00    0.00    0.00  100.00     5  |__iou-sqp-122222
11시 58분 58초     0    122222         -   11.00  152.00    0.00    1.00  163.00     1  napi-busy-poll-
11시 58분 58초     0         -    122222   12.00   50.00    0.00    1.00   62.00     1  |__napi-busy-poll-
11시 58분 58초     0         -    122224    0.00  100.00    0.00    0.00  100.00     5  |__iou-sqp-122222
11시 58분 59초     0    122222         -   12.00  149.00    0.00    0.00  161.00     1  napi-busy-poll-
11시 58분 59초     0         -    122222   14.00   47.00    0.00    0.00   61.00     1  |__napi-busy-poll-
11시 58분 59초     0         -    122224    0.00  100.00    0.00    0.00  100.00     5  |__iou-sqp-122222
11시 59분 00초     0    122222         -   13.00  147.00    0.00    0.00  160.00     1  napi-busy-poll-
11시 59분 00초     0         -    122222   15.00   45.00    0.00    0.00   60.00     1  |__napi-busy-poll-
11시 59분 00초     0         -    122224    0.00  100.00    0.00    0.00  100.00     5  |__iou-sqp-122222
11시 59분 01초     0    122222         -   11.00  149.00    0.00    0.00  160.00     1  napi-busy-poll-
11시 59분 01초     0         -    122222   14.00   47.00    0.00    0.00   61.00     1  |__napi-busy-poll-
11시 59분 01초     0         -    122224    0.00  100.00    0.00    0.00  100.00     5  |__iou-sqp-122222
11시 59분 02초     0    122222         -   12.00  149.00    0.00    0.00  161.00     1  napi-busy-poll-
11시 59분 02초     0         -    122222   13.00   47.00    0.00    0.00   60.00     1  |__napi-busy-poll-
11시 59분 02초     0         -    122224    0.00  100.00    0.00    0.00  100.00     5  |__iou-sqp-122222
11시 59분 03초     0    122222         -   11.00  149.00    0.00    0.00  160.00     1  napi-busy-poll-
11시 59분 03초     0         -    122222   13.00   48.00    0.00    0.00   61.00     1  |__napi-busy-poll-
11시 59분 03초     0         -    122224    0.00  100.00    0.00    0.00  100.00     5  |__iou-sqp-122222
11시 59분 04초     0    122222         -   12.00  148.00    0.00    0.00  160.00     1  napi-busy-poll-
11시 59분 04초     0         -    122222   14.00   46.00    0.00    0.00   60.00     1  |__napi-busy-poll-
11시 59분 04초     0         -    122224    0.00  100.00    0.00    0.00  100.00     5  |__iou-sqp-122222
11시 59분 05초     0    122222         -   13.00  148.00    0.00    0.00  161.00     0  napi-busy-poll-
11시 59분 05초     0         -    122222   15.00   46.00    0.00    0.00   61.00     0  |__napi-busy-poll-
11시 59분 05초     0         -    122224    0.00  100.00    0.00    0.00  100.00     5  |__iou-sqp-122222
11시 59분 06초     0    122222         -   13.00  147.00    0.00    0.00  160.00     4  napi-busy-poll-
11시 59분 06초     0         -    122222   15.00   45.00    0.00    0.00   60.00     4  |__napi-busy-poll-
11시 59분 06초     0         -    122224    0.00  100.00    0.00    0.00  100.00     5  |__iou-sqp-122222
11시 59분 07초     0    122222         -   15.00  152.00    0.00    1.00  167.00     2  napi-busy-poll-
11시 59분 07초     0         -    122222   17.00   49.00    0.00    1.00   66.00     2  |__napi-busy-poll-
11시 59분 07초     0         -    122224    0.00  100.00    0.00    0.00  100.00     5  |__iou-sqp-122222
11시 59분 08초     0    122222         -   12.00  148.00    0.00    0.00  160.00     1  napi-busy-poll-
11시 59분 08초     0         -    122222   14.00   47.00    0.00    0.00   61.00     1  |__napi-busy-poll-
11시 59분 08초     0         -    122224    0.00  100.00    0.00    0.00  100.00     5  |__iou-sqp-122222
11시 59분 09초     0    122222         -   12.00  149.00    0.00    0.00  161.00     2  napi-busy-poll-
11시 59분 09초     0         -    122222   14.00   47.00    0.00    0.00   61.00     2  |__napi-busy-poll-
11시 59분 09초     0         -    122224    0.00  100.00    0.00    0.00  100.00     5  |__iou-sqp-122222
11시 59분 10초     0    122222         -   12.00  148.00    0.00    0.00  160.00     2  napi-busy-poll-
11시 59분 10초     0         -    122222   14.00   46.00    0.00    0.00   60.00     2  |__napi-busy-poll-
11시 59분 10초     0         -    122224    0.00  100.00    0.00    0.00  100.00     5  |__iou-sqp-122222
11시 59분 11초     0    122222         -   12.00  142.00    0.00    0.00  154.00     4  napi-busy-poll-
11시 59분 11초     0         -    122222   14.00   48.00    0.00    0.00   62.00     4  |__napi-busy-poll-
11시 59분 11초     0         -    122224    0.00   91.00    0.00    8.00   91.00     3  |__iou-sqp-122222
11시 59분 12초     0    122222         -   13.00  150.00    0.00    1.00  163.00     0  napi-busy-poll-
11시 59분 12초     0         -    122222   14.00   49.00    0.00    1.00   63.00     0  |__napi-busy-poll-
11시 59분 12초     0         -    122224    0.00   99.00    0.00    1.00   99.00     2  |__iou-sqp-122222
11시 59분 13초     0    122222         -   13.00  151.00    0.00    1.00  164.00     0  napi-busy-poll-
11시 59분 13초     0         -    122222   16.00   48.00    0.00    1.00   64.00     0  |__napi-busy-poll-
11시 59분 13초     0         -    122224    0.00  101.00    0.00    0.00  101.00     2  |__iou-sqp-122222
11시 59분 14초     0    122222         -   13.00  152.00    0.00    1.00  165.00     0  napi-busy-poll-
11시 59분 14초     0         -    122222   16.00   50.00    0.00    1.00   66.00     0  |__napi-busy-poll-
11시 59분 14초     0         -    122224    0.00   99.00    0.00    0.00   99.00     2  |__iou-sqp-122222
11시 59분 15초     0    122222         -   13.00  149.00    0.00    1.00  162.00     1  napi-busy-poll-
11시 59분 15초     0         -    122222   14.00   47.00    0.00    1.00   61.00     1  |__napi-busy-poll-
11시 59분 15초     0         -    122224    0.00  100.00    0.00    0.00  100.00     2  |__iou-sqp-122222
11시 59분 16초     0    122222         -   14.00  147.00    0.00    0.00  161.00     3  napi-busy-poll-
11시 59분 16초     0         -    122222   17.00   45.00    0.00    0.00   62.00     3  |__napi-busy-poll-
11시 59분 16초     0         -    122224    0.00  100.00    0.00    0.00  100.00     2  |__iou-sqp-122222
11시 59분 17초     0    122222         -   12.00  149.00    0.00    0.00  161.00     3  napi-busy-poll-
11시 59분 17초     0         -    122222   14.00   47.00    0.00    0.00   61.00     3  |__napi-busy-poll-
11시 59분 17초     0         -    122224    0.00  101.00    0.00    0.00  101.00     2  |__iou-sqp-122222
11시 59분 18초     0    122222         -   10.00  150.00    0.00    0.00  160.00     4  napi-busy-poll-
11시 59분 18초     0         -    122222   12.00   49.00    0.00    0.00   61.00     4  |__napi-busy-poll-
11시 59분 18초     0         -    122224    0.00   99.00    0.00    0.00   99.00     2  |__iou-sqp-122222
11시 59분 19초     0    122222         -   15.00  146.00    0.00    0.00  161.00     4  napi-busy-poll-
11시 59분 19초     0         -    122222   17.00   43.00    0.00    0.00   60.00     4  |__napi-busy-poll-
11시 59분 19초     0         -    122224    0.00  100.00    0.00    0.00  100.00     2  |__iou-sqp-122222
11시 59분 20초     0    122222         -   12.00  149.00    0.00    0.00  161.00     1  napi-busy-poll-
11시 59분 20초     0         -    122222   14.00   48.00    0.00    0.00   62.00     1  |__napi-busy-poll-
11시 59분 20초     0         -    122224    0.00  100.00    0.00    0.00  100.00     2  |__iou-sqp-122222
11시 59분 21초     0    122222         -   11.00  149.00    0.00    0.00  160.00     1  napi-busy-poll-
11시 59분 21초     0         -    122222   12.00   47.00    0.00    0.00   59.00     1  |__napi-busy-poll-
11시 59분 21초     0         -    122224    0.00  100.00    0.00    0.00  100.00     2  |__iou-sqp-122222
11시 59분 22초     0    122222         -   10.00  150.00    0.00    0.00  160.00     5  napi-busy-poll-
11시 59분 22초     0         -    122222   11.00   49.00    0.00    0.00   60.00     5  |__napi-busy-poll-
11시 59분 22초     0         -    122224    0.00  101.00    0.00    0.00  101.00     2  |__iou-sqp-122222
11시 59분 23초     0    122222         -   12.00  148.00    0.00    0.00  160.00     5  napi-busy-poll-
11시 59분 23초     0         -    122222   15.00   46.00    0.00    0.00   61.00     5  |__napi-busy-poll-
11시 59분 23초     0         -    122224    0.00   99.00    0.00    0.00   99.00     2  |__iou-sqp-122222
11시 59분 24초     0    122222         -   10.00  150.00    0.00    0.00  160.00     5  napi-busy-poll-
11시 59분 24초     0         -    122222   11.00   48.00    0.00    0.00   59.00     5  |__napi-busy-poll-
11시 59분 24초     0         -    122224    0.00  100.00    0.00    0.00  100.00     2  |__iou-sqp-122222
11시 59분 25초     0    122222         -   11.00  149.00    0.00    0.00  160.00     5  napi-busy-poll-
11시 59분 25초     0         -    122222   13.00   47.00    0.00    0.00   60.00     5  |__napi-busy-poll-
11시 59분 25초     0         -    122224    0.00  100.00    0.00    0.00  100.00     2  |__iou-sqp-122222
11시 59분 26초     0    122222         -    9.00  152.00    0.00    1.00  161.00     2  napi-busy-poll-
11시 59분 26초     0         -    122222   11.00   52.00    0.00    1.00   63.00     2  |__napi-busy-poll-
11시 59분 26초     0         -    122224    0.00   98.00    0.00    2.00   98.00     3  |__iou-sqp-122222
11시 59분 27초     0    122222         -   11.00  153.00    0.00    1.00  164.00     2  napi-busy-poll-
11시 59분 27초     0         -    122222   12.00   52.00    0.00    1.00   64.00     2  |__napi-busy-poll-
11시 59분 27초     0         -    122224    0.00  100.00    0.00    0.00  100.00     3  |__iou-sqp-122222
11시 59분 28초     0    122222         -    9.00  151.00    0.00    0.00  160.00     5  napi-busy-poll-
11시 59분 28초     0         -    122222   11.00   49.00    0.00    0.00   60.00     5  |__napi-busy-poll-
11시 59분 28초     0         -    122224    0.00  100.00    0.00    0.00  100.00     3  |__iou-sqp-122222
11시 59분 29초     0    122222         -    9.00  149.00    0.00    1.00  158.00     2  napi-busy-poll-
11시 59분 29초     0         -    122222   10.00   50.00    0.00    1.00   60.00     2  |__napi-busy-poll-
11시 59분 29초     0         -    122224    0.00   99.00    0.00    2.00   99.00     1  |__iou-sqp-122222
11시 59분 30초     0    122222         -    9.00  151.00    0.00    0.00  160.00     0  napi-busy-poll-
11시 59분 30초     0         -    122222   11.00   49.00    0.00    0.00   60.00     0  |__napi-busy-poll-
11시 59분 30초     0         -    122224    0.00  100.00    0.00    0.00  100.00     1  |__iou-sqp-122222
11시 59분 31초     0    122222         -   10.00  150.00    0.00    0.00  160.00     3  napi-busy-poll-
11시 59분 31초     0         -    122222   11.00   49.00    0.00    0.00   60.00     3  |__napi-busy-poll-
11시 59분 31초     0         -    122224    0.00  100.00    0.00    0.00  100.00     1  |__iou-sqp-122222
11시 59분 32초     0    122222         -    9.00  151.00    0.00    0.00  160.00     4  napi-busy-poll-
11시 59분 32초     0         -    122222   10.00   50.00    0.00    0.00   60.00     4  |__napi-busy-poll-
11시 59분 32초     0         -    122224    0.00  100.00    0.00    0.00  100.00     1  |__iou-sqp-122222
11시 59분 33초     0    122222         -    9.00  150.00    0.00    0.00  159.00     1  napi-busy-poll-
11시 59분 33초     0         -    122222   11.00   48.00    0.00    0.00   59.00     1  |__napi-busy-poll-
11시 59분 33초     0         -    122224    0.00   99.00    0.00    0.00   99.00     1  |__iou-sqp-122222
11시 59분 34초     0    122222         -    8.00  151.00    0.00    0.00  159.00     1  napi-busy-poll-
11시 59분 34초     0         -    122222   10.00   51.00    0.00    0.00   61.00     1  |__napi-busy-poll-
11시 59분 34초     0         -    122224    0.00  100.00    0.00    1.00  100.00     3  |__iou-sqp-122222
11시 59분 35초     0    122222         -   10.00  150.00    0.00    0.00  160.00     0  napi-busy-poll-
11시 59분 35초     0         -    122222   11.00   49.00    0.00    0.00   60.00     0  |__napi-busy-poll-
11시 59분 35초     0         -    122224    0.00  100.00    0.00    0.00  100.00     3  |__iou-sqp-122222
11시 59분 36초     0    122222         -    9.00  154.00    0.00    1.00  163.00     2  napi-busy-poll-
11시 59분 36초     0         -    122222   11.00   51.00    0.00    1.00   62.00     2  |__napi-busy-poll-
11시 59분 36초     0         -    122224    0.00  100.00    0.00    0.00  100.00     3  |__iou-sqp-122222
11시 59분 37초     0    122222         -    7.00  154.00    0.00    2.00  161.00     2  napi-busy-poll-
11시 59분 37초     0         -    122222    9.00   53.00    0.00    2.00   62.00     2  |__napi-busy-poll-
11시 59분 37초     0         -    122224    0.00  100.00    0.00    0.00  100.00     3  |__iou-sqp-122222
11시 59분 38초     0    122222         -   10.00  149.00    0.00    1.00  159.00     3  napi-busy-poll-
11시 59분 38초     0         -    122222   11.00   48.00    0.00    1.00   59.00     3  |__napi-busy-poll-
11시 59분 38초     0         -    122224    0.00   99.00    0.00    1.00   99.00     1  |__iou-sqp-122222
11시 59분 39초     0    122222         -    8.00  150.00    0.00    0.00  158.00     3  napi-busy-poll-
11시 59분 39초     0         -    122222   10.00   48.00    0.00    0.00   58.00     3  |__napi-busy-poll-
11시 59분 39초     0         -    122224    0.00  100.00    0.00    0.00  100.00     1  |__iou-sqp-122222
11시 59분 40초     0    122222         -   10.00  148.00    0.00    0.00  158.00     5  napi-busy-poll-
11시 59분 40초     0         -    122222   12.00   46.00    0.00    0.00   58.00     5  |__napi-busy-poll-
11시 59분 40초     0         -    122224    0.00   99.00    0.00    0.00   99.00     1  |__iou-sqp-122222
11시 59분 41초     0    122222         -   14.00  147.00    0.00    0.00  161.00     4  napi-busy-poll-
11시 59분 41초     0         -    122222   15.00   46.00    0.00    0.00   61.00     4  |__napi-busy-poll-
11시 59분 41초     0         -    122224    0.00  100.00    0.00    0.00  100.00     1  |__iou-sqp-122222
11시 59분 42초     0    122222         -   11.00  149.00    0.00    0.00  160.00     4  napi-busy-poll-
11시 59분 42초     0         -    122222   13.00   47.00    0.00    0.00   60.00     4  |__napi-busy-poll-
11시 59분 42초     0         -    122224    0.00  100.00    0.00    0.00  100.00     1  |__iou-sqp-122222
11시 59분 43초     0    122222         -    9.00  151.00    0.00    0.00  160.00     0  napi-busy-poll-
11시 59분 43초     0         -    122222   11.00   49.00    0.00    0.00   60.00     0  |__napi-busy-poll-
11시 59분 43초     0         -    122224    0.00  100.00    0.00    0.00  100.00     1  |__iou-sqp-122222
11시 59분 44초     0    122222         -   11.00  149.00    0.00    0.00  160.00     0  napi-busy-poll-
11시 59분 44초     0         -    122222   13.00   48.00    0.00    0.00   61.00     0  |__napi-busy-poll-
11시 59분 44초     0         -    122224    0.00  100.00    0.00    0.00  100.00     1  |__iou-sqp-122222
11시 59분 45초     0    122222         -   18.00  149.00    0.00    2.00  167.00     0  napi-busy-poll-
11시 59분 45초     0         -    122222   21.00   46.00    0.00    2.00   67.00     0  |__napi-busy-poll-
11시 59분 45초     0         -    122224    0.00  100.00    0.00    0.00  100.00     2  |__iou-sqp-122222
11시 59분 46초     0    122222         -   10.00  150.00    0.00    0.00  160.00     1  napi-busy-poll-
11시 59분 46초     0         -    122222   11.00   48.00    0.00    0.00   59.00     1  |__napi-busy-poll-
11시 59분 46초     0         -    122224    0.00  100.00    0.00    0.00  100.00     2  |__iou-sqp-122222
11시 59분 47초     0    122222         -    7.00  151.00    0.00    0.00  158.00     3  napi-busy-poll-
11시 59분 47초     0         -    122222    8.00   51.00    0.00    0.00   59.00     3  |__napi-busy-poll-
11시 59분 47초     0         -    122224    0.00  100.00    0.00    0.00  100.00     2  |__iou-sqp-122222
11시 59분 48초     0    122222         -   11.00  151.00    0.00    0.00  162.00     4  napi-busy-poll-
11시 59분 48초     0         -    122222   12.00   48.00    0.00    0.00   60.00     4  |__napi-busy-poll-
11시 59분 48초     0         -    122224    0.00  100.00    0.00    0.00  100.00     2  |__iou-sqp-122222
11시 59분 49초     0    122222         -   11.00  149.00    0.00    0.00  160.00     5  napi-busy-poll-
11시 59분 49초     0         -    122222   13.00   48.00    0.00    0.00   61.00     5  |__napi-busy-poll-
11시 59분 49초     0         -    122224    0.00  100.00    0.00    0.00  100.00     2  |__iou-sqp-122222
11시 59분 50초     0    122222         -   11.00  150.00    0.00    0.00  161.00     1  napi-busy-poll-
11시 59분 50초     0         -    122222   13.00   49.00    0.00    0.00   62.00     1  |__napi-busy-poll-
11시 59분 50초     0         -    122224    0.00  100.00    0.00    0.00  100.00     2  |__iou-sqp-122222
11시 59분 51초     0    122222         -   23.00  143.00    0.00    1.00  166.00     5  napi-busy-poll-
11시 59분 51초     0         -    122222   25.00   39.00    0.00    1.00   64.00     5  |__napi-busy-poll-
11시 59분 51초     0         -    122224    0.00  100.00    0.00    0.00  100.00     0  |__iou-sqp-122222
11시 59분 52초     0    122222         -   11.00  149.00    0.00    0.00  160.00     2  napi-busy-poll-
11시 59분 52초     0         -    122222   13.00   48.00    0.00    0.00   61.00     2  |__napi-busy-poll-
11시 59분 52초     0         -    122224    0.00  100.00    0.00    0.00  100.00     0  |__iou-sqp-122222
11시 59분 53초     0    122222         -   12.00  149.00    0.00    0.00  161.00     4  napi-busy-poll-
11시 59분 53초     0         -    122222   14.00   47.00    0.00    0.00   61.00     4  |__napi-busy-poll-
11시 59분 53초     0         -    122224    0.00  100.00    0.00    0.00  100.00     0  |__iou-sqp-122222
11시 59분 54초     0    122222         -   10.00  150.00    0.00    0.00  160.00     0  napi-busy-poll-
11시 59분 54초     0         -    122222   12.00   49.00    0.00    0.00   61.00     0  |__napi-busy-poll-
11시 59분 54초     0         -    122224    0.00  100.00    0.00    1.00  100.00     5  |__iou-sqp-122222
11시 59분 55초     0    122222         -   10.00  150.00    0.00    0.00  160.00     2  napi-busy-poll-
11시 59분 55초     0         -    122222   12.00   49.00    0.00    0.00   61.00     2  |__napi-busy-poll-
11시 59분 55초     0         -    122224    0.00  100.00    0.00    0.00  100.00     5  |__iou-sqp-122222
11시 59분 56초     0    122222         -   12.00  149.00    0.00    0.00  161.00     2  napi-busy-poll-
11시 59분 56초     0         -    122222   12.00   47.00    0.00    0.00   59.00     2  |__napi-busy-poll-
11시 59분 56초     0         -    122224    0.00  100.00    0.00    0.00  100.00     5  |__iou-sqp-122222
11시 59분 57초     0    122222         -   11.00  149.00    0.00    0.00  160.00     3  napi-busy-poll-
11시 59분 57초     0         -    122222   13.00   48.00    0.00    0.00   61.00     3  |__napi-busy-poll-
11시 59분 57초     0         -    122224    0.00  100.00    0.00    0.00  100.00     1  |__iou-sqp-122222
11시 59분 58초     0    122222         -    8.00  153.00    0.00    0.00  161.00     0  napi-busy-poll-
11시 59분 58초     0         -    122222   10.00   51.00    0.00    0.00   61.00     0  |__napi-busy-poll-
11시 59분 58초     0         -    122224    0.00  100.00    0.00    0.00  100.00     1  |__iou-sqp-122222
11시 59분 59초     0    122222         -   10.00  150.00    0.00    0.00  160.00     3  napi-busy-poll-
11시 59분 59초     0         -    122222   11.00   49.00    0.00    0.00   60.00     3  |__napi-busy-poll-
11시 59분 59초     0         -    122224    0.00  100.00    0.00    0.00  100.00     1  |__iou-sqp-122222
12시 00분 00초     0    122222         -   11.00  150.00    0.00    0.00  161.00     3  napi-busy-poll-
12시 00분 00초     0         -    122222   12.00   49.00    0.00    0.00   61.00     3  |__napi-busy-poll-
12시 00분 00초     0         -    122224    0.00  100.00    0.00    0.00  100.00     1  |__iou-sqp-122222
12시 00분 01초     0    122222         -   11.00  150.00    0.00    0.00  161.00     3  napi-busy-poll-
12시 00분 01초     0         -    122222   13.00   48.00    0.00    0.00   61.00     3  |__napi-busy-poll-
12시 00분 01초     0         -    122224    0.00  100.00    0.00    0.00  100.00     1  |__iou-sqp-122222
12시 00분 02초     0    122222         -   10.00  151.00    0.00    0.00  161.00     4  napi-busy-poll-
12시 00분 02초     0         -    122222   11.00   49.00    0.00    0.00   60.00     4  |__napi-busy-poll-
12시 00분 02초     0         -    122224    0.00  100.00    0.00    0.00  100.00     1  |__iou-sqp-122222
12시 00분 03초     0    122222         -   10.00  150.00    0.00    0.00  160.00     1  napi-busy-poll-
12시 00분 03초     0         -    122222   12.00   48.00    0.00    0.00   60.00     1  |__napi-busy-poll-
12시 00분 03초     0         -    122224    0.00   99.00    0.00    0.00   99.00     0  |__iou-sqp-122222
12시 00분 04초     0    122222         -    9.00  151.00    0.00    0.00  160.00     0  napi-busy-poll-
12시 00분 04초     0         -    122222   11.00   50.00    0.00    0.00   61.00     0  |__napi-busy-poll-
12시 00분 04초     0         -    122224    0.00  100.00    0.00    1.00  100.00     5  |__iou-sqp-122222
12시 00분 05초     0    122222         -   11.00  152.00    0.00    1.00  163.00     4  napi-busy-poll-
12시 00분 05초     0         -    122222   13.00   51.00    0.00    1.00   64.00     4  |__napi-busy-poll-
12시 00분 05초     0         -    122224    0.00  100.00    0.00    0.00  100.00     5  |__iou-sqp-122222
12시 00분 06초     0    122222         -   10.89  149.50    0.00    0.99  160.40     1  napi-busy-poll-
12시 00분 06초     0         -    122222   12.87   48.51    0.00    0.99   61.39     1  |__napi-busy-poll-
12시 00분 06초     0         -    122224    0.00   99.01    0.00    0.00   99.01     5  |__iou-sqp-122222
12시 00분 07초     0    122222         -   11.00  150.00    0.00    0.00  161.00     1  napi-busy-poll-
12시 00분 07초     0         -    122222   12.00   48.00    0.00    0.00   60.00     1  |__napi-busy-poll-
12시 00분 07초     0         -    122224    0.00  100.00    0.00    0.00  100.00     5  |__iou-sqp-122222
12시 00분 08초     0    122222         -   11.00  149.00    0.00    0.00  160.00     4  napi-busy-poll-
12시 00분 08초     0         -    122222   13.00   48.00    0.00    0.00   61.00     4  |__napi-busy-poll-
12시 00분 08초     0         -    122224    0.00  100.00    0.00    0.00  100.00     3  |__iou-sqp-122222
12시 00분 09초     0    122222         -    8.00  152.00    0.00    0.00  160.00     3  napi-busy-poll-
12시 00분 09초     0         -    122222    9.00   52.00    0.00    0.00   61.00     3  |__napi-busy-poll-
12시 00분 09초     0         -    122224    0.00   99.00    0.00    1.00   99.00     2  |__iou-sqp-122222
12시 00분 10초     0    122222         -    9.00  153.00    0.00    1.00  162.00     5  napi-busy-poll-
12시 00분 10초     0         -    122222   11.00   51.00    0.00    1.00   62.00     5  |__napi-busy-poll-
12시 00분 10초     0         -    122224    0.00  100.00    0.00    0.00  100.00     2  |__iou-sqp-122222
12시 00분 11초     0    122222         -   11.00  151.00    0.00    0.00  162.00     0  napi-busy-poll-
12시 00분 11초     0         -    122222   11.00   49.00    0.00    0.00   60.00     0  |__napi-busy-poll-
12시 00분 11초     0         -    122224    0.00  100.00    0.00    0.00  100.00     2  |__iou-sqp-122222
12시 00분 12초     0    122222         -   61.00  120.00    0.00    0.00  181.00     0  napi-busy-poll-
12시 00분 12초     0         -    122222   70.00   13.00    0.00    0.00   83.00     0  |__napi-busy-poll-
12시 00분 12초     0         -    122224    0.00  100.00    0.00    0.00  100.00     4  |__iou-sqp-122222
12시 00분 13초     0    122222         -   10.00  151.00    0.00    0.00  161.00     3  napi-busy-poll-
12시 00분 13초     0         -    122222   12.00   49.00    0.00    0.00   61.00     3  |__napi-busy-poll-
12시 00분 13초     0         -    122224    0.00  100.00    0.00    0.00  100.00     4  |__iou-sqp-122222
12시 00분 14초     0    122222         -   10.00  151.00    0.00    0.00  161.00     3  napi-busy-poll-
12시 00분 14초     0         -    122222   11.00   50.00    0.00    0.00   61.00     3  |__napi-busy-poll-
12시 00분 14초     0         -    122224    0.00  100.00    0.00    0.00  100.00     4  |__iou-sqp-122222
12시 00분 15초     0    122222         -    9.00  152.00    0.00    1.00  161.00     1  napi-busy-poll-
12시 00분 15초     0         -    122222   10.00   51.00    0.00    1.00   61.00     1  |__napi-busy-poll-
12시 00분 15초     0         -    122224    0.00  100.00    0.00    0.00  100.00     4  |__iou-sqp-122222
12시 00분 16초     0    122222         -   11.00  149.00    0.00    0.00  160.00     1  napi-busy-poll-
12시 00분 16초     0         -    122222   13.00   47.00    0.00    0.00   60.00     1  |__napi-busy-poll-
12시 00분 16초     0         -    122224    0.00  100.00    0.00    0.00  100.00     4  |__iou-sqp-122222
12시 00분 17초     0    122222         -    9.00  152.00    0.00    0.00  161.00     4  napi-busy-poll-
12시 00분 17초     0         -    122222   10.00   51.00    0.00    0.00   61.00     4  |__napi-busy-poll-
12시 00분 17초     0         -    122224    0.00  100.00    0.00    0.00  100.00     0  |__iou-sqp-122222
12시 00분 18초     0    122222         -   11.00  149.00    0.00    0.00  160.00     1  napi-busy-poll-
12시 00분 18초     0         -    122222   12.00   48.00    0.00    0.00   60.00     1  |__napi-busy-poll-
12시 00분 18초     0         -    122224    0.00  100.00    0.00    0.00  100.00     0  |__iou-sqp-122222
12시 00분 19초     0    122222         -   11.00  151.00    0.00    0.00  162.00     5  napi-busy-poll-
12시 00분 19초     0         -    122222   12.00   49.00    0.00    0.00   61.00     5  |__napi-busy-poll-
12시 00분 19초     0         -    122224    0.00  100.00    0.00    0.00  100.00     0  |__iou-sqp-122222
12시 00분 20초     0    122222         -   10.00  151.00    0.00    0.00  161.00     2  napi-busy-poll-
12시 00분 20초     0         -    122222   11.00   50.00    0.00    0.00   61.00     2  |__napi-busy-poll-
12시 00분 20초     0         -    122224    0.00  100.00    0.00    0.00  100.00     0  |__iou-sqp-122222
12시 00분 21초     0    122222         -    9.00  151.00    0.00    0.00  160.00     4  napi-busy-poll-
12시 00분 21초     0         -    122222   11.00   50.00    0.00    0.00   61.00     4  |__napi-busy-poll-
12시 00분 21초     0         -    122224    0.00  100.00    0.00    0.00  100.00     0  |__iou-sqp-122222
12시 00분 22초     0    122222         -   10.00  150.00    0.00    0.00  160.00     0  napi-busy-poll-
12시 00분 22초     0         -    122222   11.00   49.00    0.00    0.00   60.00     0  |__napi-busy-poll-
12시 00분 22초     0         -    122224    0.00   99.00    0.00    1.00   99.00     1  |__iou-sqp-122222
12시 00분 23초     0    122222         -    8.00  152.00    0.00    0.00  160.00     0  napi-busy-poll-
12시 00분 23초     0         -    122222    9.00   51.00    0.00    0.00   60.00     0  |__napi-busy-poll-
12시 00분 23초     0         -    122224    0.00  100.00    0.00    0.00  100.00     1  |__iou-sqp-122222
12시 00분 24초     0    122222         -   10.00  151.00    0.00    0.00  161.00     0  napi-busy-poll-
12시 00분 24초     0         -    122222   12.00   49.00    0.00    0.00   61.00     0  |__napi-busy-poll-
12시 00분 24초     0         -    122224    0.00  100.00    0.00    0.00  100.00     1  |__iou-sqp-122222
12시 00분 25초     0    122222         -    9.00  151.00    0.00    0.00  160.00     0  napi-busy-poll-
12시 00분 25초     0         -    122222   10.00   51.00    0.00    0.00   61.00     0  |__napi-busy-poll-
12시 00분 25초     0         -    122224    0.00  100.00    0.00    0.00  100.00     1  |__iou-sqp-122222
12시 00분 26초     0    122222         -   12.50  148.08    0.00    0.00  160.58     0  napi-busy-poll-
12시 00분 26초     0         -    122222   14.42   46.15    0.00    0.00   60.58     0  |__napi-busy-poll-
12시 00분 26초     0         -    122224    0.00  100.00    0.00    0.00  100.00     1  |__iou-sqp-122222
12시 00분 27초     0    122222         -    3.00  114.00    0.00    0.00  117.00     0  napi-busy-poll-
12시 00분 27초     0         -    122222    3.00   14.00    0.00    0.00   17.00     0  |__napi-busy-poll-
12시 00분 27초     0         -    122224    0.00   99.00    0.00    0.00   99.00     1  |__iou-sqp-122222
12시 00분 28초     0    122222         -    0.00  101.00    0.00    0.00  101.00     0  napi-busy-poll-
12시 00분 28초     0         -    122222    0.00    1.00    0.00    0.00    1.00     0  |__napi-busy-poll-
12시 00분 28초     0         -    122224    0.00  100.00    0.00    0.00  100.00     1  |__iou-sqp-122222
12시 00분 29초     0    122222         -    0.00  100.00    0.00    0.00  100.00     0  napi-busy-poll-
12시 00분 29초     0         -    122222    1.00    0.00    0.00    0.00    1.00     0  |__napi-busy-poll-
12시 00분 29초     0         -    122224    0.00  100.00    0.00    0.00  100.00     1  |__iou-sqp-122222
12시 00분 30초     0    122222         -   12.00  120.00    0.00    0.00  132.00     0  napi-busy-poll-
12시 00분 30초     0         -    122222   14.00   17.00    0.00    0.00   31.00     0  |__napi-busy-poll-
12시 00분 30초     0         -    122224    0.00  100.00    0.00    0.00  100.00     1  |__iou-sqp-122222
12시 00분 31초     0    122222         -   10.00  150.00    0.00    0.00  160.00     1  napi-busy-poll-
12시 00분 31초     0         -    122222   12.00   48.00    0.00    0.00   60.00     1  |__napi-busy-poll-
12시 00분 31초     0         -    122224    0.00  100.00    0.00    0.00  100.00     0  |__iou-sqp-122222
12시 00분 32초     0    122222         -   11.00  149.00    0.00    0.00  160.00     0  napi-busy-poll-
12시 00분 32초     0         -    122222   12.00   49.00    0.00    0.00   61.00     0  |__napi-busy-poll-
12시 00분 32초     0         -    122224    0.00  100.00    0.00    0.00  100.00     5  |__iou-sqp-122222
12시 00분 33초     0    122222         -   12.00  151.00    0.00    2.00  163.00     4  napi-busy-poll-
12시 00분 33초     0         -    122222   14.00   48.00    0.00    2.00   62.00     4  |__napi-busy-poll-
12시 00분 33초     0         -    122224    0.00  100.00    0.00    0.00  100.00     5  |__iou-sqp-122222
12시 00분 34초     0    122222         -   10.00  151.00    0.00    0.00  161.00     1  napi-busy-poll-
12시 00분 34초     0         -    122222   13.00   49.00    0.00    0.00   62.00     1  |__napi-busy-poll-
12시 00분 34초     0         -    122224    0.00  100.00    0.00    0.00  100.00     5  |__iou-sqp-122222
12시 00분 35초     0    122222         -   12.00  148.00    0.00    0.00  160.00     2  napi-busy-poll-
12시 00분 35초     0         -    122222   13.00   47.00    0.00    0.00   60.00     2  |__napi-busy-poll-
12시 00분 35초     0         -    122224    0.00  100.00    0.00    0.00  100.00     5  |__iou-sqp-122222
12시 00분 36초     0    122222         -   11.00  150.00    0.00    0.00  161.00     3  napi-busy-poll-
12시 00분 36초     0         -    122222   13.00   47.00    0.00    0.00   60.00     3  |__napi-busy-poll-
12시 00분 36초     0         -    122224    0.00  100.00    0.00    0.00  100.00     5  |__iou-sqp-122222
12시 00분 37초     0    122222         -    7.00  131.00    0.00    0.00  138.00     4  napi-busy-poll-
12시 00분 37초     0         -    122222    8.00   30.00    0.00    0.00   38.00     4  |__napi-busy-poll-
12시 00분 37초     0         -    122224    0.00  100.00    0.00    0.00  100.00     5  |__iou-sqp-122222
12시 00분 38초     0    122222         -    7.00  131.00    0.00    2.00  138.00     4  napi-busy-poll-
12시 00분 38초     0         -    122222   10.00   49.00    0.00    2.00   59.00     4  |__napi-busy-poll-
12시 00분 38초     0         -    122224    0.00   81.00    0.00    0.00   81.00     5  |__iou-sqp-122222
12시 00분 39초     0    122222         -    2.00  101.00    0.00    0.00  103.00     4  napi-busy-poll-
12시 00분 39초     0         -    122222    1.00    4.00    0.00    0.00    5.00     4  |__napi-busy-poll-
12시 00분 39초     0         -    122224    0.00   95.00    0.00    0.00   95.00     5  |__iou-sqp-122222
12시 00분 40초     0    122222         -    3.00  109.00    0.00    0.00  112.00     4  napi-busy-poll-
12시 00분 40초     0         -    122222    5.00    8.00    0.00    0.00   13.00     4  |__napi-busy-poll-
12시 00분 40초     0         -    122224    0.00  100.00    0.00    0.00  100.00     5  |__iou-sqp-122222
12시 00분 41초     0    122222         -   10.00  139.00    0.00    1.00  149.00     4  napi-busy-poll-
12시 00분 41초     0         -    122222   11.00   38.00    0.00    1.00   49.00     4  |__napi-busy-poll-
12시 00분 41초     0         -    122224    0.00  100.00    0.00    0.00  100.00     5  |__iou-sqp-122222
12시 00분 42초     0    122222         -   15.00  150.00    0.00    2.00  165.00     4  napi-busy-poll-
12시 00분 42초     0         -    122222   17.00   48.00    0.00    2.00   65.00     4  |__napi-busy-poll-
12시 00분 42초     0         -    122224    0.00  100.00    0.00    0.00  100.00     5  |__iou-sqp-122222
12시 00분 43초     0    122222         -   10.00  150.00    0.00    1.00  160.00     3  napi-busy-poll-
12시 00분 43초     0         -    122222   12.00   48.00    0.00    1.00   60.00     3  |__napi-busy-poll-
12시 00분 43초     0         -    122224    0.00  100.00    0.00    1.00  100.00     2  |__iou-sqp-122222
12시 00분 44초     0    122222         -    9.00  143.00    0.00    1.00  152.00     0  napi-busy-poll-
12시 00분 44초     0         -    122222   11.00   42.00    0.00    1.00   53.00     0  |__napi-busy-poll-
12시 00분 44초     0         -    122224    0.00  100.00    0.00    0.00  100.00     2  |__iou-sqp-122222
12시 00분 45초     0    122222         -   12.00  135.00    0.00    1.00  147.00     0  napi-busy-poll-
12시 00분 45초     0         -    122222   13.00   36.00    0.00    1.00   49.00     0  |__napi-busy-poll-
12시 00분 45초     0         -    122224    0.00   97.00    0.00    0.00   97.00     2  |__iou-sqp-122222
12시 00분 46초     0    122222         -   78.00   96.00    0.00    0.00  174.00     0  napi-busy-poll-
12시 00분 46초     0         -    122222   75.00    0.00    0.00    0.00   75.00     0  |__napi-busy-poll-
12시 00분 46초     0         -    122224    0.00  100.00    0.00    0.00  100.00     2  |__iou-sqp-122222
12시 00분 47초     0    122222         -    8.00  128.00    0.00    1.00  136.00     0  napi-busy-poll-
12시 00분 47초     0         -    122222   23.00   12.00    0.00    1.00   35.00     0  |__napi-busy-poll-
12시 00분 47초     0         -    122224    0.00  100.00    0.00    0.00  100.00     2  |__iou-sqp-122222
12시 00분 48초     0    122222         -   10.00  148.00    0.00    2.00  158.00     0  napi-busy-poll-
12시 00분 48초     0         -    122222   13.00   46.00    0.00    2.00   59.00     0  |__napi-busy-poll-
12시 00분 48초     0         -    122224    0.00  100.00    0.00    0.00  100.00     2  |__iou-sqp-122222
12시 00분 49초     0    122222         -    3.00  105.00    0.00    0.00  108.00     0  napi-busy-poll-
12시 00분 49초     0         -    122222    3.00    5.00    0.00    0.00    8.00     0  |__napi-busy-poll-
12시 00분 49초     0         -    122224    0.00  100.00    0.00    0.00  100.00     2  |__iou-sqp-122222
12시 00분 50초     0    122222         -    8.00  126.00    0.00    0.00  134.00     5  napi-busy-poll-
12시 00분 50초     0         -    122222    9.00   25.00    0.00    0.00   34.00     5  |__napi-busy-poll-
12시 00분 50초     0         -    122224    0.00  100.00    0.00    0.00  100.00     2  |__iou-sqp-122222
12시 00분 51초     0    122222         -   11.00  146.00    0.00    0.00  157.00     5  napi-busy-poll-
12시 00분 51초     0         -    122222   13.00   44.00    0.00    0.00   57.00     5  |__napi-busy-poll-
12시 00분 51초     0         -    122224    0.00  100.00    0.00    0.00  100.00     2  |__iou-sqp-122222
12시 00분 52초     0    122222         -    7.00  137.00    0.00    0.00  144.00     5  napi-busy-poll-
12시 00분 52초     0         -    122222    8.00   36.00    0.00    0.00   44.00     5  |__napi-busy-poll-
12시 00분 52초     0         -    122224    0.00  100.00    0.00    0.00  100.00     2  |__iou-sqp-122222
12시 00분 53초     0    122222         -   10.00  148.00    0.00    1.00  158.00     5  napi-busy-poll-
12시 00분 53초     0         -    122222   11.00   47.00    0.00    1.00   58.00     5  |__napi-busy-poll-
12시 00분 53초     0         -    122224    0.00  100.00    0.00    0.00  100.00     2  |__iou-sqp-122222
12시 00분 54초     0    122222         -    5.00  114.00    0.00    0.00  119.00     5  napi-busy-poll-
12시 00분 54초     0         -    122222    6.00   25.00    0.00    0.00   31.00     5  |__napi-busy-poll-
12시 00분 54초     0         -    122224    0.00   88.00    0.00    0.00   88.00     2  |__iou-sqp-122222
12시 00분 55초     0    122222         -    8.00  134.00    0.00    0.00  142.00     5  napi-busy-poll-
12시 00분 55초     0         -    122222    9.00   33.00    0.00    0.00   42.00     5  |__napi-busy-poll-
12시 00분 55초     0         -    122224    0.00  100.00    0.00    0.00  100.00     2  |__iou-sqp-122222
12시 00분 56초     0    122222         -    9.00  142.00    0.00    0.00  151.00     1  napi-busy-poll-
12시 00분 56초     0         -    122222   11.00   40.00    0.00    0.00   51.00     1  |__napi-busy-poll-
12시 00분 56초     0         -    122224    0.00  100.00    0.00    0.00  100.00     2  |__iou-sqp-122222
12시 00분 57초     0    122222         -    9.00  132.00    0.00    0.00  141.00     1  napi-busy-poll-
12시 00분 57초     0         -    122222   10.00   31.00    0.00    0.00   41.00     1  |__napi-busy-poll-
12시 00분 57초     0         -    122224    0.00  100.00    0.00    0.00  100.00     2  |__iou-sqp-122222
12시 00분 58초     0    122222         -    8.00  114.00    0.00    0.00  122.00     3  napi-busy-poll-
12시 00분 58초     0         -    122222    9.00   41.00    0.00    0.00   50.00     3  |__napi-busy-poll-
12시 00분 58초     0         -    122224    0.00   72.00    0.00    0.00   72.00     5  |__iou-sqp-122222
12시 00분 59초     0    122222         -    9.00  131.00    0.00    0.00  140.00     3  napi-busy-poll-
12시 00분 59초     0         -    122222   10.00   39.00    0.00    0.00   49.00     3  |__napi-busy-poll-
12시 00분 59초     0         -    122224    0.00   90.00    0.00    0.00   90.00     5  |__iou-sqp-122222
12시 01분 00초     0    122222         -    2.00   98.00    0.00    0.00  100.00     3  napi-busy-poll-
12시 01분 00초     0         -    122222    2.00   16.00    0.00    0.00   18.00     3  |__napi-busy-poll-
12시 01분 00초     0         -    122224    0.00   82.00    0.00    0.00   82.00     5  |__iou-sqp-122222
12시 01분 01초     0    122222         -    3.00  108.00    0.00    0.00  111.00     3  napi-busy-poll-
12시 01분 01초     0         -    122222    4.00    7.00    0.00    0.00   11.00     3  |__napi-busy-poll-
12시 01분 01초     0         -    122224    0.00  100.00    0.00    0.00  100.00     5  |__iou-sqp-122222
12시 01분 02초     0    122222         -    3.00  106.00    0.00    0.00  109.00     3  napi-busy-poll-
12시 01분 02초     0         -    122222    4.00    6.00    0.00    0.00   10.00     3  |__napi-busy-poll-
12시 01분 02초     0         -    122224    0.00  100.00    0.00    0.00  100.00     5  |__iou-sqp-122222
12시 01분 03초     0    122222         -    1.00  106.00    0.00    0.00  107.00     3  napi-busy-poll-
12시 01분 03초     0         -    122222    1.00    5.00    0.00    0.00    6.00     3  |__napi-busy-poll-
12시 01분 03초     0         -    122224    0.00  100.00    0.00    0.00  100.00     5  |__iou-sqp-122222
12시 01분 04초     0    122222         -   10.00  111.00    0.00    0.00  121.00     3  napi-busy-poll-
12시 01분 04초     0         -    122222   12.00    9.00    0.00    0.00   21.00     3  |__napi-busy-poll-
12시 01분 04초     0         -    122224    0.00  100.00    0.00    0.00  100.00     5  |__iou-sqp-122222
12시 01분 05초     0    122222         -   10.00  149.00    0.00    1.00  159.00     4  napi-busy-poll-
12시 01분 05초     0         -    122222   11.00   48.00    0.00    1.00   59.00     4  |__napi-busy-poll-
12시 01분 05초     0         -    122224    0.00  100.00    0.00    0.00  100.00     5  |__iou-sqp-122222
12시 01분 06초     0    122222         -    9.00  145.00    0.00    2.00  154.00     4  napi-busy-poll-
12시 01분 06초     0         -    122222   10.00   44.00    0.00    2.00   54.00     4  |__napi-busy-poll-
12시 01분 06초     0         -    122224    0.00  100.00    0.00    0.00  100.00     5  |__iou-sqp-122222
12시 01분 07초     0    122222         -    1.00  102.00    0.00    0.00  103.00     4  napi-busy-poll-
12시 01분 07초     0         -    122222    2.00    1.00    0.00    0.00    3.00     4  |__napi-busy-poll-
12시 01분 07초     0         -    122224    0.00  100.00    0.00    0.00  100.00     5  |__iou-sqp-122222
12시 01분 08초     0    122222         -    2.00  103.00    0.00    0.00  105.00     4  napi-busy-poll-
12시 01분 08초     0         -    122222    2.00    3.00    0.00    0.00    5.00     4  |__napi-busy-poll-
12시 01분 08초     0         -    122224    0.00  100.00    0.00    0.00  100.00     5  |__iou-sqp-122222
12시 01분 09초     0    122222         -    3.00  107.00    0.00    0.00  110.00     4  napi-busy-poll-
12시 01분 09초     0         -    122222    4.00    6.00    0.00    0.00   10.00     4  |__napi-busy-poll-
12시 01분 09초     0         -    122224    0.00  100.00    0.00    0.00  100.00     5  |__iou-sqp-122222
12시 01분 10초     0    122222         -   11.00  136.00    0.00    1.00  147.00     4  napi-busy-poll-
12시 01분 10초     0         -    122222   14.00   34.00    0.00    1.00   48.00     4  |__napi-busy-poll-
12시 01분 10초     0         -    122224    0.00  100.00    0.00    0.00  100.00     5  |__iou-sqp-122222
12시 01분 11초     0    122222         -   15.00  145.00    0.00    1.00  160.00     5  napi-busy-poll-
12시 01분 11초     0         -    122222   16.00   43.00    0.00    1.00   59.00     5  |__napi-busy-poll-
12시 01분 11초     0         -    122224    0.00   99.00    0.00    1.00   99.00     3  |__iou-sqp-122222
12시 01분 12초     0    122222         -   11.00  147.00    0.00    1.00  158.00     5  napi-busy-poll-
12시 01분 12초     0         -    122222   14.00   45.00    0.00    1.00   59.00     5  |__napi-busy-poll-
12시 01분 12초     0         -    122224    0.00  100.00    0.00    0.00  100.00     3  |__iou-sqp-122222
12시 01분 13초     0    122222         -    1.00  134.00    0.00    0.00  135.00     5  napi-busy-poll-
12시 01분 13초     0         -    122222    1.00   34.00    0.00    0.00   35.00     5  |__napi-busy-poll-
12시 01분 13초     0         -    122224    0.00  100.00    0.00    0.00  100.00     4  |__iou-sqp-122222
12시 01분 14초     0    122222         -    6.00  115.00    0.00    0.00  121.00     5  napi-busy-poll-
12시 01분 14초     0         -    122222    7.00   14.00    0.00    0.00   21.00     5  |__napi-busy-poll-
12시 01분 14초     0         -    122224    0.00  100.00    0.00    0.00  100.00     4  |__iou-sqp-122222
12시 01분 15초     0    122222         -    8.00  129.00    0.00    0.00  137.00     5  napi-busy-poll-
12시 01분 15초     0         -    122222   10.00   28.00    0.00    0.00   38.00     5  |__napi-busy-poll-
12시 01분 15초     0         -    122224    0.00  100.00    0.00    0.00  100.00     4  |__iou-sqp-122222
12시 01분 16초     0    122222         -   11.00  142.00    0.00    0.00  153.00     5  napi-busy-poll-
12시 01분 16초     0         -    122222   11.00   41.00    0.00    0.00   52.00     5  |__napi-busy-poll-
12시 01분 16초     0         -    122224    0.00  100.00    0.00    0.00  100.00     4  |__iou-sqp-122222
12시 01분 17초     0    122222         -    9.00  142.00    0.00    0.00  151.00     5  napi-busy-poll-
12시 01분 17초     0         -    122222   12.00   40.00    0.00    0.00   52.00     5  |__napi-busy-poll-
12시 01분 17초     0         -    122224    0.00  100.00    0.00    0.00  100.00     4  |__iou-sqp-122222
12시 01분 18초     0    122222         -   12.00  143.00    0.00    0.00  155.00     0  napi-busy-poll-
12시 01분 18초     0         -    122222   13.00   41.00    0.00    0.00   54.00     0  |__napi-busy-poll-
12시 01분 18초     0         -    122224    0.00  100.00    0.00    0.00  100.00     4  |__iou-sqp-122222
12시 01분 19초     0    122222         -   10.00  141.00    0.00    0.00  151.00     3  napi-busy-poll-
12시 01분 19초     0         -    122222   11.00   40.00    0.00    0.00   51.00     3  |__napi-busy-poll-
12시 01분 19초     0         -    122224    0.00  100.00    0.00    0.00  100.00     4  |__iou-sqp-122222
12시 01분 20초     0    122222         -    8.00  138.00    0.00    0.00  146.00     4  napi-busy-poll-
12시 01분 20초     0         -    122222   10.00   41.00    0.00    0.00   51.00     4  |__napi-busy-poll-
12시 01분 20초     0         -    122224    0.00   95.00    0.00    5.00   95.00     0  |__iou-sqp-122222
12시 01분 21초     0    122222         -    2.00  105.00    0.00    0.00  107.00     4  napi-busy-poll-
12시 01분 21초     0         -    122222    2.00    4.00    0.00    0.00    6.00     4  |__napi-busy-poll-
12시 01분 21초     0         -    122224    0.00  100.00    0.00    0.00  100.00     0  |__iou-sqp-122222
12시 01분 22초     0    122222         -    6.00  113.00    0.00    0.00  119.00     4  napi-busy-poll-
12시 01분 22초     0         -    122222    7.00   13.00    0.00    0.00   20.00     4  |__napi-busy-poll-
12시 01분 22초     0         -    122224    0.00  100.00    0.00    0.00  100.00     1  |__iou-sqp-122222
12시 01분 23초     0    122222         -    5.00  118.00    0.00    0.00  123.00     4  napi-busy-poll-
12시 01분 23초     0         -    122222    7.00   17.00    0.00    0.00   24.00     4  |__napi-busy-poll-
12시 01분 23초     0         -    122224    0.00  100.00    0.00    0.00  100.00     1  |__iou-sqp-122222
12시 01분 24초     0    122222         -    8.00  124.00    0.00    0.00  132.00     4  napi-busy-poll-
12시 01분 24초     0         -    122222    9.00   22.00    0.00    0.00   31.00     4  |__napi-busy-poll-
12시 01분 24초     0         -    122224    0.00  100.00    0.00    0.00  100.00     1  |__iou-sqp-122222
12시 01분 25초     0    122222         -   11.00  145.00    0.00    0.00  156.00     4  napi-busy-poll-
12시 01분 25초     0         -    122222   12.00   45.00    0.00    0.00   57.00     4  |__napi-busy-poll-
12시 01분 25초     0         -    122224    0.00  100.00    0.00    0.00  100.00     1  |__iou-sqp-122222
12시 01분 26초     0    122222         -    1.00   56.00    0.00    0.00   57.00     1  napi-busy-poll-
12시 01분 26초     0         -    122222    1.00   53.00    0.00    0.00   54.00     1  |__napi-busy-poll-
12시 01분 26초     0         -    122224    0.00    2.00    0.00    0.00    2.00     1  |__iou-sqp-122222
12시 01분 27초     0    122222         -    1.00   54.00    0.00    0.00   55.00     1  napi-busy-poll-
12시 01분 27초     0         -    122222    2.00   54.00    0.00    0.00   56.00     1  |__napi-busy-poll-
12시 01분 27초     0         -    122224    0.00    0.00    0.00    0.00    0.00     1  |__iou-sqp-122222
12시 01분 28초     0    122222         -    1.00   54.00    0.00    0.00   55.00     1  napi-busy-poll-
12시 01분 28초     0         -    122222    1.00   53.00    0.00    0.00   54.00     1  |__napi-busy-poll-
12시 01분 28초     0         -    122224    0.00    0.00    0.00    0.00    0.00     1  |__iou-sqp-122222
12시 01분 29초     0    122222         -    1.00   54.00    0.00    0.00   55.00     1  napi-busy-poll-
12시 01분 29초     0         -    122222    1.00   54.00    0.00    0.00   55.00     1  |__napi-busy-poll-
12시 01분 29초     0         -    122224    0.00    0.00    0.00    0.00    0.00     1  |__iou-sqp-122222

Average:        0    122222         -    8.45  143.81    0.00    0.18  152.26     -  napi-busy-poll-
Average:        0         -    122222    9.84   46.19    0.00    0.18   56.03     -  |__napi-busy-poll-
Average:        0         -    122224    0.00   96.23    0.00    0.41   96.23     -  |__iou-sqp-122222
